001_000000_000000|先不打扰您了，祝您生活愉快，再见。|prompt_wav/meituan_prompt.wav|啊。喂，你好，我想问一下手机没法上网吗？|一位用户以略带探询的语气开启对话，声音在“啊”处略有停顿后，清晰地提出了关于手机无法上网的问题，语调在疑问句末尾自然抬升。
001_000000_000001|嗯非常抱歉给您带来麻烦了先那这样我这边马上安排骑手给您尽快配送嗯骑手接单情况下我会马上以短信的形式告知给您。|prompt_wav/shenhu_prompt.wav|您稍等一下，就这个来电号码没有办法上网了吗？|客服人员以专业且礼貌的语调回应，语速适中，咬字清晰，在要求用户稍等的同时，通过一个复述式的疑问句，确认了用户所描述的具体问题。
001_000000_000002|先不打扰您了，祝您生活愉快，再见。|prompt_wav/meituan_prompt.wav|啊，对。|用户以一个简短而肯定的“啊，对”快速回应，声音听起来直接且明了，确认了客服所理解的问题。
001_000000_000003|嗯非常抱歉给您带来麻烦了先那这样我这边马上安排骑手给您尽快配送嗯骑手接单情况下我会马上以短信的形式告知给您。|prompt_wav/shenhu_prompt.wav|好，您稍等，我先检测一下，稍等一下。|客服人员以平稳的语速再次礼貌地请求用户稍候，并清晰地告知即将进行的检测步骤，语气中带着一丝安抚与专业。
001_000000_000004|嗯非常抱歉给您带来麻烦了先那这样我这边马上安排骑手给您尽快配送嗯骑手接单情况下我会马上以短信的形式告知给您。|prompt_wav/shenhu_prompt.wav|这边这个系统呢，我帮您核实了，余额的话，您这边是有的，状态也是正常的。我这边后台呢会把您的数据先给您暂停，重新恢复。您这边将手机关机3分钟重启好吗？我马上给您处理一下。|客服人员语速适中，音质清晰，详细地向用户说明了系统核实的结果和初步判断，随后清晰地给出了操作建议，并以询问句“好吗？”结尾，展现出耐心与引导性。
001_000000_000005|先不打扰您了，祝您生活愉快，再见。|prompt_wav/meituan_prompt.wav|哦，就是你处理完我要关机3分钟。|用户轻声地以“哦”表示理解后，语速略缓地复述并确认了客服的指示，语气中带着一丝求证的意味。
001_000000_000006|嗯非常抱歉给您带来麻烦了先那这样我这边马上安排骑手给您尽快配送嗯骑手接单情况下我会马上以短信的形式告知给您。|prompt_wav/shenhu_prompt.wav|嗯，对，您关机3分钟重启手机，马上处理了。|客服人员以清晰的“嗯，对”肯定了用户的理解，随即语速略快地再次强调了关机重启的步骤，并用“马上处理了”的承诺来打消用户的疑虑。
001_000000_000007|先不打扰您了，祝您生活愉快，再见。|prompt_wav/meituan_prompt.wav|哦。好。|用户以一个柔和的“哦”表示理解，紧接着简短有力地回应“好”，语调平稳，显示出接受和配合。
001_000000_000008|嗯非常抱歉给您带来麻烦了先那这样我这边马上安排骑手给您尽快配送嗯骑手接单情况下我会马上以短信的形式告知给您。|prompt_wav/shenhu_prompt.wav|嗯，好的，辛苦您了。其他的疑问还有没有？|客服人员以温和的语调结束了当前问题的处理，礼貌地表达了感谢，随后将语调略微放低，引导性地询问用户是否还有其他疑问。
001_000000_000009|先不打扰您了，祝您生活愉快，再见。|prompt_wav/meituan_prompt.wav|嗯嗯，那如果重启了，还是没法用怎么办？|用户在“嗯嗯”的轻微沉吟后，语速略缓地提出了一个假设性问题，语气中透出对未来可能出现问题的预先担忧。
001_000000_000010|嗯非常抱歉给您带来麻烦了先那这样我这边马上安排骑手给您尽快配送嗯骑手接单情况下我会马上以短信的形式告知给您。|prompt_wav/shenhu_prompt.wav|如果还是不行，您把那个号卡取出来，插上去。如果都不行，那就通过营业厅看一下号卡芯片有没有问题。|客服人员以清晰且富有逻辑的语调，语速平稳地为用户提供了两套备用方案，从简单的操作到前往营业厅检测，展现出专业的耐心和问题解决能力。
001_000000_000011|先不打扰您了，祝您生活愉快，再见。|prompt_wav/meituan_prompt.wav|嗯，啊，你说去营业厅是吧？哦，好好行。|用户在一番轻微的思索后，先以疑问的语调确认了前往营业厅的建议，随后用连续的“哦，好好行”表示理解和接受，语气从略带不确定转为肯定。
001_000000_000012|嗯非常抱歉给您带来麻烦了先那这样我这边马上安排骑手给您尽快配送嗯骑手接单情况下我会马上以短信的形式告知给您。|prompt_wav/shenhu_prompt.wav|呃，您先处理，先别慌，去营业厅先处理嘛，处理了以后还是不行，那你再去营业厅。|客服人员用柔和的“呃”字起头，以一种略带安抚的语气，清晰地提示用户先自行尝试处理，避免了不必要的慌张，并再次明确了去营业厅是最后的选项，语调显得十分体贴。
001_000000_000013|先不打扰您了，祝您生活愉快，再见。|prompt_wav/meituan_prompt.wav|啊，行行好。好。|用户以一种轻松且完全接受的语气，快速地回应“啊，行行好。好”，语调中充满了理解与配合。
001_000000_000014|嗯非常抱歉给您带来麻烦了先那这样我这边马上安排骑手给您尽快配送嗯骑手接单情况下我会马上以短信的形式告知给您。|prompt_wav/shenhu_prompt.wav|嗯嗯，唉好的，辛苦了。对对对，好。|客服人员以连续的“嗯嗯”和“唉好的”表示肯定和结束，语调温和，随后用连串的“对对对，好”进一步加强了确认和礼貌，流露出轻松和专业。
001_000000_000015|先不打扰您了，祝您生活愉快，再见。|prompt_wav/meituan_prompt.wav|我顺便问一下那个我这个套餐可以换吗？|用户以一种自然衔接的语气，将音高略微抬升，顺势提出了关于套餐调整的新问题，语调中带有一丝随性与期待。
001_000000_000016|嗯非常抱歉给您带来麻烦了先那这样我这边马上安排骑手给您尽快配送嗯骑手接单情况下我会马上以短信的形式告知给您。|prompt_wav/shenhu_prompt.wav|套餐可以调整，看您想改多少的。您是准备改多少的呢，先生。往下改的话，比如说五十九、一百分钟十G流量。|客服人员以清晰肯定的语调回应了套餐可调整的咨询，随后用提问的方式引导用户表达具体需求，并主动列举了一个常见的套餐选项，语速适中，专业且富有引导性。
001_000000_000017|先不打扰您了，祝您生活愉快，再见。|prompt_wav/meituan_prompt.wav|啊。对，可以改成五十九的。|用户先以一个短促的“啊”表示理解，随后立刻肯定地指出希望调整为五十九元的套餐，语调中充满了明确的意向。
001_000000_000018|嗯非常抱歉给您带来麻烦了先那这样我这边马上安排骑手给您尽快配送嗯骑手接单情况下我会马上以短信的形式告知给您。|prompt_wav/shenhu_prompt.wav|好，您稍等一下。会少五十分钟，或者说我给您看一下有没有活动。您稍等一下。|客服人员以沉稳的语调回应用户，先是礼貌地请求稍等，并清晰地提醒了套餐调整可能带来的通话时长减少，随后主动提出查询是否有优惠活动，语气周到而专业。
001_000000_000019|先不打扰您了，祝您生活愉快，再见。|prompt_wav/meituan_prompt.wav|嗯|用户发出一个轻柔的“嗯”声，表示理解并耐心等待客服的查询结果。
001_000000_000020|嗯非常抱歉给您带来麻烦了先那这样我这边马上安排骑手给您尽快配送嗯骑手接单情况下我会马上以短信的形式告知给您。|prompt_wav/shenhu_prompt.wav|您如果是保留不更改的，可以赠送5G流量。如果不要的话，话费减免优惠我看一下有没有。您保留不更改，可以赠送5G，如果不要的话，有个减十元的活动，我可以帮您特殊申请一下，给您减20。我看一下这个能不能过，稍等一下。|客服人员以语速稍快的连珠炮式表述，清晰地罗列了多种优惠方案，从赠送流量到话费减免，并在其中穿插了“特殊申请”的努力，语气中透露出为用户争取最大利益的积极与尽责。
001_000000_000021|先不打扰您了，祝您生活愉快，再见。|prompt_wav/meituan_prompt.wav|好。|用户以一个简洁而肯定的“好”字回应，语调平稳，表示理解并等待客服的进一步操作。
001_000000_000022|嗯非常抱歉给您带来麻烦了先那这样我这边马上安排骑手给您尽快配送嗯骑手接单情况下我会马上以短信的形式告知给您。|prompt_wav/shenhu_prompt.wav|嗯，这个申请没有通过。先生，您稍等一下，我看一下还有没有。|客服人员先以略带遗憾的语气告知申请未能通过，但很快调整语态，以一种积极且负责任的语调再次请求用户稍等，并承诺会继续寻找其他优惠方案。
001_000000_000023|嗯非常抱歉给您带来麻烦了先那这样我这边马上安排骑手给您尽快配送嗯骑手接单情况下我会马上以短信的形式告知给您。|prompt_wav/shenhu_prompt.wav|可以帮您减二十。先生，这样的话，您出五十九享受七十九的内容。|客服人员以清晰而略带喜悦的语调，语速稍快地宣布了一个好消息，并简洁明了地解释了这项减免优惠所能带来的实际好处，语气显得充满成就感。
001_000000_000024|先不打扰您了，祝您生活愉快，再见。|prompt_wav/meituan_prompt.wav|这个可以减多久啊？|用户以一种务实而探寻的语气，直接询问了优惠减免的持续时间，语调中带着对细节的关注。
001_000000_000025|嗯非常抱歉给您带来麻烦了先那这样我这边马上安排骑手给您尽快配送嗯骑手接单情况下我会马上以短信的形式告知给您。|prompt_wav/shenhu_prompt.wav|嗯，活动期的话是三个月。|客服人员以清晰平稳的语调，直接给出了优惠活动的具体期限，回答干脆利落。
001_000000_000026|先不打扰您了，祝您生活愉快，再见。|prompt_wav/meituan_prompt.wav|三个月是吗？|用户以略带疑问的语气再次确认了优惠期限是否为三个月，语调中略有抬升，以确保信息的准确性。
001_000000_000027|嗯非常抱歉给您带来麻烦了先那这样我这边马上安排骑手给您尽快配送嗯骑手接单情况下我会马上以短信的形式告知给您。|prompt_wav/shenhu_prompt.wav|嗯，对，因为您往下改改成五十九了。您宽带您还要出三十，您不划算呀。您现在宽带，您只出二十吗？|客服人员在确认优惠期限后，立刻以一种关切而略带劝说的语气，详细解释了如果更换套餐可能导致的不划算之处，通过对比现有宽带费用，帮助用户计算成本，语调真诚且富有建议性。
001_000000_000028|先不打扰您了，祝您生活愉快，再见。|prompt_wav/meituan_prompt.wav|哦，那你……|用户发出一个拉长的“哦”声，语调中带着明显的恍然大悟和一丝犹豫，后面的话语戛然而止，显示出正在消化客服提供的新信息。
001_000000_000029|嗯非常抱歉给您带来麻烦了先那这样我这边马上安排骑手给您尽快配送嗯骑手接单情况下我会马上以短信的形式告知给您。|prompt_wav/shenhu_prompt.wav|这个减免的话，这样你的费用就节约下来了。|客服人员紧接着用户的停顿，以清晰且略带引导的语气，再次强调了话费减免方案的优势，旨在帮助用户更好地理解并做出选择，语调显得积极而有说服力。
001_000000_000030|先不打扰您了，祝您生活愉快，再见。|prompt_wav/meituan_prompt.wav|哦，可以啊，那你帮我申请一下。|用户以一个明朗的“哦”字表示完全理解和接受，随后语速加快，清晰且带有决断地请求客服立即办理申请，语气中透露出满意的决定。
001_000000_000031|嗯非常抱歉给您带来麻烦了先那这样我这边马上安排骑手给您尽快配送嗯骑手接单情况下我会马上以短信的形式告知给您。|prompt_wav/shenhu_prompt.wav|嗯，好。这三个月内呢不往下改套餐，不销号、不转网，提前取消会涉及到违约赔付。那三个月结束以后，有短信提示，您有活动你就继续参加，没有活动你就再决定调整，不然它就恢复到七十九，好吗？|客服人员以严谨而清晰的语调，详细阐述了优惠活动期间的各项条款和限制，并对活动结束后可能的情况进行了预告和指导，语速平稳且咬字清晰，最后以礼貌的疑问句确认用户理解。
001_000000_000032|先不打扰您了，祝您生活愉快，再见。|prompt_wav/meituan_prompt.wav|嗯。|用户发出一个轻柔但明确的“嗯”声，表示已经完全听明白并理解了客服所说明的细则。
001_000000_000033|嗯非常抱歉给您带来麻烦了先那这样我这边马上安排骑手给您尽快配送嗯骑手接单情况下我会马上以短信的形式告知给您。|prompt_wav/shenhu_prompt.wav|嗯，短信我帮您发过来了。先生，您看一下收到没有？收到以后呢，在短信里面回复“1”进行确认，不要挂机哦。|客服人员以清晰连贯的语调告知短信已发送，并详细指导用户查看并回复“1”进行确认，特别在最后用一句亲切而略带提示性的“不要挂机哦”强调了操作的重要性。
001_000000_000034|先不打扰您了，祝您生活愉快，再见。|prompt_wav/meituan_prompt.wav|稍等一下，我看一下。嗯。|用户以略显急促的语气请求稍等，表明正在查看短信，并以一个短促的“嗯”声确认正在进行操作。
001_000000_000035|嗯非常抱歉给您带来麻烦了先那这样我这边马上安排骑手给您尽快配送嗯骑手接单情况下我会马上以短信的形式告知给您。|prompt_wav/shenhu_prompt.wav|好，我这边等您。|客服人员以温和而富有耐心的语调回应，明确表示会等待用户完成操作，给予了充分的配合。
001_000000_000036|先不打扰您了，祝您生活愉快，再见。|prompt_wav/meituan_prompt.wav|好，收到了，回复“1”是吗？|用户以清晰的语调告知已收到短信，并再次以疑问的语气确认回复“1”的操作指令，语调中透露出完成任务前的严谨。
001_000000_000037|嗯非常抱歉给您带来麻烦了先那这样我这边马上安排骑手给您尽快配送嗯骑手接单情况下我会马上以短信的形式告知给您。|prompt_wav/shenhu_prompt.wav|嗯，对，发送“1”。|客服人员以简短而明确的“嗯，对，发送‘1’”肯定了用户的理解，语调果断，指引清晰。
001_000000_000038|嗯非常抱歉给您带来麻烦了先那这样我这边马上安排骑手给您尽快配送嗯骑手接单情况下我会马上以短信的形式告知给您。|prompt_wav/shenhu_prompt.wav|这个解约短信呢，我这边也一起发过来了，空闲的时候您看一下。|客服人员以平稳的语速，在完成主要操作后，额外提醒用户还发送了另一条解约短信，并提示其在空闲时查看，语气周到细致。
001_000000_000039|先不打扰您了，祝您生活愉快，再见。|prompt_wav/meituan_prompt.wav|嗯，行。|用户以简洁的“嗯，行”回应，声音听起来直接而肯定，表示已收到并理解了额外的信息。
001_000000_000040|嗯非常抱歉给您带来麻烦了先那这样我这边马上安排骑手给您尽快配送嗯骑手接单情况下我会马上以短信的形式告知给您。|prompt_wav/shenhu_prompt.wav|嗯，好，六月一号生效，到期呢，九月一号到期，到时候都是有短信提示您的，好吗？|客服人员以清晰平稳的语调再次强调了优惠的生效和到期日期，并补充说明会有短信提醒，最后以一个礼貌的询问句确认用户是否理解，语气周全。
001_000000_000041|先不打扰您了，祝您生活愉快，再见。|prompt_wav/meituan_prompt.wav|好的好的。|用户以两个连续的“好的好的”积极回应，语调轻快而明朗，表达了充分的理解与满意。
001_000000_000042|嗯非常抱歉给您带来麻烦了先那这样我这边马上安排骑手给您尽快配送嗯骑手接单情况下我会马上以短信的形式告知给您。|prompt_wav/shenhu_prompt.wav|嗯，好，那这边就已经处理好了，其他的疑问还有没有？先生。|客服人员以礼貌而略带总结性的语气宣布当前业务已处理完毕，随后再次询问用户是否还有其他疑问，语调温和而专业。
001_000000_000043|先不打扰您了，祝您生活愉快，再见。|prompt_wav/meituan_prompt.wav|没有了，谢谢。|用户以清晰平稳的语调直接回答“没有了”，并真诚地表达了感谢，语气简洁而礼貌。
001_000000_000044|嗯非常抱歉给您带来麻烦了先那这样我这边马上安排骑手给您尽快配送嗯骑手接单情况下我会马上以短信的形式告知给您。|prompt_wav/shenhu_prompt.wav|唉，好的，不用谢，先生再见。|客服人员以一句轻松的“唉，好的”作为结束语，随即礼貌地回应“不用谢”，并以清晰且略带亲和的语调向用户道别，语气显得专业且友好。
001_000000_000045|先不打扰您了，祝您生活愉快，再见。|prompt_wav/meituan_prompt.wav|嗯，好，拜拜。|用户以简短而明快的“嗯，好，拜拜”回应，声音轻松，语调上扬，结束了本次通话。
001_000001_000000|先不打扰您了，祝您生活愉快，再见。|prompt_wav/meituan_prompt.wav|喂，你好，我想问下我这儿话费怎么被扣了呀？连个短信通知都没有。|一位用户以略带急促和疑惑的声音开场，语速稍快，音高略有抬升。她直接抛出话费异常扣除的疑问，并在句末以一种不满的语气，强调了未收到短信通知的情况。
001_000001_000001|嗯非常抱歉给您带来麻烦了先那这样我这边马上安排骑手给您尽快配送嗯骑手接单情况下我会马上以短信的形式告知给您。|prompt_wav/shenhu_prompt.wav|您好，请先别着急，正常的扣费一般都是有短信通知的。|一位客服人员以清晰、柔和的音质回应，语速平稳，音高适中。她用专业且安抚的语气，首先稳定用户情绪，随后解释了正常扣费的常见流程，试图缓解用户的焦虑。
001_000001_000002|先不打扰您了，祝您生活愉快，再见。|prompt_wav/meituan_prompt.wav|我这儿真没有。我昨天早上看余额还有130多呢，今天看就只剩110多了。我还特地查了一下流量。|用户语速略有加快，音高略抬，以一种坚决且带有困惑的语气反驳客服。她提供了具体的余额变动细节，强调自己的观察和行动，语气中透露出对异常扣费的强烈质疑和一丝无奈。
001_000001_000003|嗯非常抱歉给您带来麻烦了先那这样我这边马上安排骑手给您尽快配送嗯骑手接单情况下我会马上以短信的形式告知给您。|prompt_wav/shenhu_prompt.wav|好的，您先稍等一下，我帮您在系统里查一下。|客服以平静且专业的语气回应，语速适中，音高平稳。她清晰地告知用户将进行查询，语气中充满了服务意识和即将采取行动的果断。
001_000001_000004|嗯非常抱歉给您带来麻烦了先那这样我这边马上安排骑手给您尽快配送嗯骑手接单情况下我会马上以短信的形式告知给您。|prompt_wav/shenhu_prompt.wav|我帮您核实了一下，系统里并没有查到您6月份有产生扣费的记录。|客服以清晰、平稳的声音陈述查询结果，语速从容。她的语气客观且专业，直接告知系统未查到任何扣费记录，但语调中并无指责，仅仅是陈述事实。
001_000001_000005|先不打扰您了，祝您生活愉快，再见。|prompt_wav/meituan_prompt.wav|对啊，我也没查到扣费记录，所以才纳闷呢。我的钱都不知道扣哪儿去了。|用户用略带无奈和困惑的声音回应，语速稍慢，音高略降，但语气中透露出更深的纳闷。她认同客服的查询结果，同时以一种自言自语式的疑问，表达了对这笔消失资金的强烈不解和轻微的沮丧。
001_000001_000006|嗯非常抱歉给您带来麻烦了先那这样我这边马上安排骑手给您尽快配送嗯骑手接单情况下我会马上以短信的形式告知给您。|prompt_wav/shenhu_prompt.wav|您会不会是记错余额了呢？|客服以柔和的音质和谨慎的语气提出疑问，语速舒缓，音高略有上扬。她小心翼翼地探询用户是否可能记错了余额，语气中充满了专业客服的试探性关怀，避免直接质疑。
001_000001_000007|先不打扰您了，祝您生活愉快，再见。|prompt_wav/meituan_prompt.wav|之前不是说我流量超标扣了50块钱嘛，我就找你们核实了。|用户语速平稳，以一种回忆并提供线索的语气，将话题引向之前的流量扣费事件。她的声音清晰，语调平铺直叙，旨在为当前的困惑提供背景信息，解释为何对余额如此敏感。
001_000001_000008|嗯非常抱歉给您带来麻烦了先那这样我这边马上安排骑手给您尽快配送嗯骑手接单情况下我会马上以短信的形式告知给您。|prompt_wav/shenhu_prompt.wav|嗯，我这边看到了，那50块钱已经退还给您了。|客服以一个简短的“嗯”作为停顿和确认，语速适中，声音清晰。她用平稳的语调，迅速核实并告知用户那笔50元扣费已退还，语气专业而有效率。
001_000001_000009|先不打扰您了，祝您生活愉快，再见。|prompt_wav/meituan_prompt.wav|对，后来钱退回来了，我看了一下余额大概是137块左右。我每个月是28号才扣月租的，现在也还没到扣费时间啊。我刚刚自己查了一下，也没显示这钱扣哪儿了，所以就想让你们帮我查查。|用户以一种详尽而又略显焦急的语气继续阐述，语速适中但节奏紧凑。她先确认了之前的退款，随后详细说明了自己对余额的精确记忆和月租扣费的时间点，以此强化当前余额异常的证据，并最终以明确的求助再次表达了她的困惑。
001_000001_000010|嗯非常抱歉给您带来麻烦了先那这样我这边马上安排骑手给您尽快配送嗯骑手接单情况下我会马上以短信的形式告知给您。|prompt_wav/shenhu_prompt.wav|我这边帮您反复确认过了，您这个月确实没有其他的扣费记录。|客服以清晰、坚定的声音再次重申查询结果，语速平稳，语调客观。她强调了“反复确认”的过程，以专业的口吻再次明确表示系统没有显示任何额外扣费记录，语气中透露着坚持原则的严谨。
001_000001_000011|先不打扰您了，祝您生活愉快，再见。|prompt_wav/meituan_prompt.wav|我从5月30号到现在一共充了130块钱。总不可能系统自己倒扣吧？我的电话是15712345837。麻烦你们了。|用户语速略微加快，音高略有抬升，以一种带有强烈质疑和一丝无奈的语气，补充了详细的充值记录。她通过一个反问句表达了对系统逻辑的困惑与不解，随后提供了关键信息，并在最后以略带恳求的语气请求帮助。
001_000001_000012|嗯非常抱歉给您带来麻烦了先那这样我这边马上安排骑手给您尽快配送嗯骑手接单情况下我会马上以短信的形式告知给您。|prompt_wav/shenhu_prompt.wav|您不用客气。这样吧，这边帮您提交一个查询工单去后台核实，后续会有专员给您回电处理，请您留意接听一下电话。|客服以清晰、沉稳的声音回应，语速适中，节奏分明。她用专业且流程化的语气，告知用户将提交工单进行后台核实，并详细说明了后续的跟进方式，确保用户了解处理进展，语气中充满了专业性和解决问题的决心。
001_000001_000013|先不打扰您了，祝您生活愉快，再见。|prompt_wav/meituan_prompt.wav|对了，顺便问一下，我的流量是不是还有？我担心我又弄错流量了。|用户突然想起另一个问题，语速稍快，音高略有抬升，以一种略带担忧的语气询问流量情况。她提及了过去因误解流量规则而导致的扣费经历，语气中透露出对再次犯错的谨慎和不确定。
001_000001_000014|嗯非常抱歉给您带来麻烦了先那这样我这边马上安排骑手给您尽快配送嗯骑手接单情况下我会马上以短信的形式告知给您。|prompt_wav/shenhu_prompt.wav|是的，您现在还有大概1个G的流量。|客服以清晰、肯定的声音直接回应，语速平稳。她简洁明了地确认了用户流量尚有结余的事实，语气中带着确切的信息传递。
001_000001_000015|先不打扰您了，祝您生活愉快，再见。|prompt_wav/meituan_prompt.wav|这些都是通用流量吧？|用户语调再次上扬，以一种追问式的语气进行核实。她希望确认流量的类型，语气中透露出对细节的谨慎和对上次经历的警惕。
001_000001_000016|嗯非常抱歉给您带来麻烦了先那这样我这边马上安排骑手给您尽快配送嗯骑手接单情况下我会马上以短信的形式告知给您。|prompt_wav/shenhu_prompt.wav|不全是通用的哦，里面有800兆是通用流量，还有900兆是定向流量。|客服以清晰而略带提示性的语调，温柔地纠正了用户的理解。她语速适中，细致地将流量分为通用和定向两部分进行说明，语气中带着专业的耐心和细致。
001_000001_000017|先不打扰您了，祝您生活愉快，再见。|prompt_wav/meituan_prompt.wav|哦哦，能麻烦你再帮我确认一下，现在通用流量剩多少，定向流量剩多少吗？我之前就是把闲时流量当成通用流量用了，结果被扣了20多块钱。|用户先以理解性的“哦哦”回应，随后语速略有放缓，以一种略显恳切和谨慎的语气，再次请求客服确认具体的流量余额。她详细解释了自己过去因混淆流量类型而导致的扣费经历，语气中充满了对准确信息的强烈需求和自我警示。
001_000001_000018|嗯非常抱歉给您带来麻烦了先那这样我这边马上安排骑手给您尽快配送嗯骑手接单情况下我会马上以短信的形式告知给您。|prompt_wav/shenhu_prompt.wav|查到了，您现在的通用流量还剩800兆，定向流量还剩900兆。|客服以清晰、肯定的声音回应，语速平稳，语调客观。她直接告知了用户再次确认后的具体流量余额，信息传递精准无误，语气专业且有耐心。
001_000001_000019|先不打扰您了，祝您生活愉快，再见。|prompt_wav/meituan_prompt.wav|嗯嗯，好的，谢谢，我这边没问题了。|用户发出轻松的“嗯嗯”声，语气明显放松，随后用清晰而充满谢意的声音表达了满意和感谢。她确认自己这边已无其他疑问，语气中流露出困惑得到解答后的释然。
001_000001_000020|嗯非常抱歉给您带来麻烦了先那这样我这边马上安排骑手给您尽快配送嗯骑手接单情况下我会马上以短信的形式告知给您。|prompt_wav/shenhu_prompt.wav|好的，稍后如果您收到评价短信，麻烦您对我的服务做出评价，感谢您的来电，祝您生活愉快，再见！|客服以清晰、柔和的音质，语速平稳地进入话务结束流程。她用标准而客气的语调，引导用户进行服务评价，随后表达了感谢和祝福，以专业且温暖的告别语结束了本次通话。
001_000002_000000|嗯非常抱歉给您带来麻烦了先那这样我这边马上安排骑手给您尽快配送嗯骑手接单情况下我会马上以短信的形式告知给您。|prompt_wav/shenhu_prompt.wav|您好，中国移动，很高兴为您服务。请问有什么可以帮您？|一位客服人员以清晰、亲切的声音，语速适中且语调平稳地进行开场问候。她的咬字标准，以专业而友好的语气，主动询问用户的需求。
001_000002_000001|先不打扰您了，祝您生活愉快，再见。|prompt_wav/meituan_prompt.wav|你好，我看到你们App上有个“青春畅想5G套餐”，我想了解一下然后办一个。|一位用户以自然的语调回应，声音清晰。她的语速略快，开门见山地表达了对某款套餐的兴趣和办理意向，语气直接而目的明确。
001_000002_000002|嗯非常抱歉给您带来麻烦了先那这样我这边马上安排骑手给您尽快配送嗯骑手接单情况下我会马上以短信的形式告知给您。|prompt_wav/shenhu_prompt.wav|好的，请问您是要为当前拨打的这个号码办理吗？另外需要和您核实一下，机主是您本人吗？|客服人员以平稳的语速和清晰的音质确认用户的意图。她以专业而礼貌的语气，逐步进行必要的身份核实和信息确认，语调保持着询问式的平稳。
001_000002_000003|先不打扰您了，祝您生活愉快，再见。|prompt_wav/meituan_prompt.wav|对，就是现在打的这个号码，是我本人。|用户用简洁肯定的语气回应，声音清晰而坚定。她语速稍快，直接确认了此前客服的两个问题，表达出明确的肯定态度。
001_000002_000004|嗯非常抱歉给您带来麻烦了先那这样我这边马上安排骑手给您尽快配送嗯骑手接单情况下我会马上以短信的形式告知给您。|prompt_wav/shenhu_prompt.wav|好的。这款“青春畅想5G套餐”主要是针对年轻用户的专属优惠，月费59元，包含30G通用流量、30G定向流量和100分钟语音通话。您看这个流量够您平时使用吗？|客服人员以清晰流畅的语速，中低音区平稳的语调，开始详细介绍套餐内容。她专业而有条理地罗列了资费和各项包含的服务，并在最后以征询的语气询问用户的使用需求。
001_000002_000005|先不打扰您了，祝您生活愉快，再见。|prompt_wav/meituan_prompt.wav|够是够了，但那个30G的定向流量，都支持哪些App免流啊？我平时看抖音和B站比较多。|用户先以略带思考的语气肯定流量足够，但随后音高略有抬升，带着明显的求知欲详细询问定向流量的覆盖范围。她特意提到了自己常用的App，语气中带着对实用性的关注。
001_000002_000006|嗯非常抱歉给您带来麻烦了先那这样我这边马上安排骑手给您尽快配送嗯骑手接单情况下我会马上以短信的形式告知给您。|prompt_wav/shenhu_prompt.wav|您放心，这款套餐的定向流量覆盖了专属权益，像抖音、B站、快手、腾讯视频等几十款主流App都在免流范围内，您平时刷视频是非常合适的。|客服人员以一种带有安抚性质的语气回应，声音清晰且富有感染力。她语速稍加快，自信而流畅地列举了定向流量支持的主流App，并强调该套餐对用户的适用性，语气中带着积极的肯定。
001_000002_000007|先不打扰您了，祝您生活愉快，再见。|prompt_wav/meituan_prompt.wav|那挺好。我现在的旧套餐还没到期，办理这个新套餐的话，什么时候能生效啊？|用户先以简短、略带赞许的语气表示满意，随后语调转向询问。她以平静而实际的语气，提出了关于新旧套餐衔接和生效时间的问题，展现出对细节的关注。
001_000002_000008|嗯非常抱歉给您带来麻烦了先那这样我这边马上安排骑手给您尽快配送嗯骑手接单情况下我会马上以短信的形式告知给您。|prompt_wav/shenhu_prompt.wav|咱们的话费套餐变更一般都是次月生效的。如果您今天确认办理，新套餐会在下个月1号零点正式生效，这个月您还是按照原套餐的资费来计费。|客服人员以清晰、富有逻辑的声音，用平稳的语调解释套餐生效的规则。她语速适中，详细阐述了办理后的具体生效时间及计费方式，语气专业且具有条理性。
001_000002_000009|先不打扰您了，祝您生活愉快，再见。|prompt_wav/meituan_prompt.wav|行，下个月生效没问题。这个套餐有什么合约要求吗？如果以后我不想用了能直接取消吗？|用户简短地表示接受生效时间，随后语速略缓，以一种带有预见性的询问语气，提出对套餐合约期和取消方式的顾虑，表现出谨慎考虑的态度。
001_000002_000010|嗯非常抱歉给您带来麻烦了先那这样我这边马上安排骑手给您尽快配送嗯骑手接单情况下我会马上以短信的形式告知给您。|prompt_wav/shenhu_prompt.wav|和您说明一下，这款优惠套餐是有12个月合约期的。在合约期内，您需要保持号码在网，不能办理降档或者停机保号。满一年之后，您就可以根据需要自由更换其他套餐了，您看可以接受吗？|客服人员以中低音区，清晰而郑重的声音，详细阐述了套餐的12个月合约期及相关限制条件。她的语速平稳，在解释完后，以征询的语气询问用户是否可以接受，显得专业而周到。
001_000002_000011|先不打扰您了，祝您生活愉快，再见。|prompt_wav/meituan_prompt.wav|一年啊……也行吧，反正我也懒得老换套餐，那就帮我办了吧。|用户先是略带迟疑地发出了一声叹词“一年啊……”，随后语调转向接受，带着一丝随性地表示了办理意向。她的声音在思考后变得肯定，最终做出了决定，语气中带着些许轻松。
001_000002_000012|嗯非常抱歉给您带来麻烦了先那这样我这边马上安排骑手给您尽快配送嗯骑手接单情况下我会马上以短信的形式告知给您。|prompt_wav/shenhu_prompt.wav|好的，感谢您的支持。为了保障您的账户安全，我这边系统刚给您发送了一条验证码短信，麻烦您看下手机，把6位数字的验证码报给我一下好吗？|客服人员以热情而专业的语气表示感谢，随后声音略微变得严肃，开始引导用户进行安全验证。她语速适中，清晰地说明了发送验证码的步骤和目的，语气礼貌而富有指导性。
001_000002_000013|先不打扰您了，祝您生活愉快，再见。|prompt_wav/meituan_prompt.wav|稍等我看下哈……嗯收到了，验证码是 739 421。|用户先以略带口语化的语气请求稍候，随后轻声发出“嗯”的确认，声音清晰而专注。她语速平稳地读出验证码，语气中透露出配合和一丝完成任务的轻松。
001_000002_000014|嗯非常抱歉给您带来麻烦了先那这样我这边马上安排骑手给您尽快配送嗯骑手接单情况下我会马上以短信的形式告知给您。|prompt_wav/shenhu_prompt.wav|好的，739 421。请您稍等，我正在系统里为您提交申请……好了，已经为您办理成功了，稍后您会收到一条业务变更确认的短信，麻烦您注意查收。|客服人员清晰地重复验证码以作确认，随后语速放缓，以一种略带停顿的等待语气进行操作。她很快以明确而肯定的语气告知用户办理成功，并随即提供后续的信息查收提示，声音专业且高效。
001_000002_000015|先不打扰您了，祝您生活愉快，再见。|prompt_wav/meituan_prompt.wav|好的，我刚刚已经听到短信提示音了。对了，办了这个套餐，我是不是只要打开手机的5G开关就能用5G网了？|用户先以肯定的语气回应，并提到已听到短信提示音，随后语气一转，带着“对了”这种突然想起的口语化表达，以询问的语调提出关于5G使用方式的新问题。
001_000002_000016|嗯非常抱歉给您带来麻烦了先那这样我这边马上安排骑手给您尽快配送嗯骑手接单情况下我会马上以短信的形式告知给您。|prompt_wav/shenhu_prompt.wav|是的。只要您使用的是5G手机，并且在中国移动的5G信号覆盖范围内，下个月套餐生效后，您打开5G开关就可以直接体验高速网络了，是不需要换卡或者换号的。|客服人员以清晰肯定的声音直接回应“是的”，随后语速适中地展开详细解释。她专业而耐心地阐述了使用5G网络的条件，并明确强调无需额外更换卡号，语气中带有消除用户疑虑的肯定。
001_000002_000017|先不打扰您了，祝您生活愉快，再见。|prompt_wav/meituan_prompt.wav|明白了，只要不用去营业厅换卡就行。那我这边没什么其他问题了。|用户以一种释然且明白的语气表示理解，声音清晰。她强调了最关心的“不用去营业厅换卡”这一点，随后语气变得轻松，明确表示已无其他疑问。
001_000002_000018|嗯非常抱歉给您带来麻烦了先那这样我这边马上安排骑手给您尽快配送嗯骑手接单情况下我会马上以短信的形式告知给您。|prompt_wav/shenhu_prompt.wav|好的，很高兴能为您解答。请问还有其他业务需要帮您处理的吗？|客服人员以平稳而亲切的语调，清晰地表达了为用户提供帮助的愉悦。她专业地进行了例行的业务咨询收尾，以开放式的询问结束当前服务。
001_000002_000019|先不打扰您了，祝您生活愉快，再见。|prompt_wav/meituan_prompt.wav|没有了，谢谢你啊，再见。|用户以轻松自然的语气回应“没有了”，随后带着礼貌的谢意说“谢谢你啊”，并以亲切的“再见”结束通话，语调轻松愉快。
001_000003_000000|先不打扰您了，祝您生活愉快，再见。|prompt_wav/meituan_prompt.wav|你们移动怎么回事啊？我这个月话费莫名其妙多了50块钱，凭什么乱扣费啊？|一位男性用户以急促的语速和明显抬高的音高，带着强烈的不满和质问语气，表达了对运营商乱扣费的愤怒。他的声音显得有些尖锐，咬字有力，字里行间充满了对不公的控诉。
001_000003_000001|嗯非常抱歉给您带来麻烦了先那这样我这边马上安排骑手给您尽快配送嗯骑手接单情况下我会马上以短信的形式告知给您。|prompt_wav/shenhu_prompt.wav|先生您先别着急，我非常理解您看到账单异常时的心情。请放心，如果是系统多收了您的费用，我们肯定会负责到底的。为了方便查询，请问您的手机号码是现在拨打的这个吗？|一位客服人员以柔和而专业的女性声音回应，语速舒缓，音高平稳。她首先表达了对用户情绪的理解和安抚，语气中带着明显的耐心与包容，随后以引导性的方式询问关键信息，展现了清晰的服务流程。
001_000003_000002|先不打扰您了，祝您生活愉快，再见。|prompt_wav/meituan_prompt.wav|对，就是这个号！你们查快点，我每个月套餐都是固定的，这50块哪来的？|男性用户略显急切地确认了信息，语速有所加快，音高也维持在稍高的水平。他的语气中仍然带着不耐烦和催促，强调了对额外费用来源的质疑和追问。
001_000003_000003|嗯非常抱歉给您带来麻烦了先那这样我这边马上安排骑手给您尽快配送嗯骑手接单情况下我会马上以短信的形式告知给您。|prompt_wav/shenhu_prompt.wav|好的，正在为您接入后台系统，请稍等片刻……系统显示您的姓名是王先生对吗？|客服人员以平稳的语速和清晰的咬字，再次确认收到了用户的信息。她的声音保持着专业而冷静的语调，在陈述查询过程后，带有礼貌的询问，以验证用户身份。
001_000003_000004|先不打扰您了，祝您生活愉快，再见。|prompt_wav/meituan_prompt.wav|是的。|用户简短而肯定地回应，声音中虽然没有之前的急躁，但仍保持着一种不容置疑的直接感。
001_000003_000005|嗯非常抱歉给您带来麻烦了先那这样我这边马上安排骑手给您尽快配送嗯骑手接单情况下我会马上以短信的形式告知给您。|prompt_wav/shenhu_prompt.wav|王先生，我已经查到您的账单了。本月确实有一笔50元的额外支出，显示是一项名为“权益超市铂金会员”的业务扣费。请问这项业务您近期有办理过，或者收到过相关短信提醒吗？|客服人员以清晰、条理分明的语调，向用户通报了查询结果。她的语速适中，音高稳定，以一种客观陈述的方式说明了扣费详情，并在最后提出了关键的询问，试图了解用户对此业务的知情程度。
001_000003_000006|先不打扰您了，祝您生活愉快，再见。|prompt_wav/meituan_prompt.wav|什么会员？我听都没听过！肯定是你们私自给我开的，我要投诉！|男性用户的情绪再次激动起来，语速明显加快，音高也随之抬升。他以一种充满震惊与愤怒的语气，强烈否认了业务办理，并迅速将矛头指向客服，直接表达了投诉的意向，声音显得有些尖锐和不平。
001_000003_000007|嗯非常抱歉给您带来麻烦了先那这样我这边马上安排骑手给您尽快配送嗯骑手接单情况下我会马上以短信的形式告知给您。|prompt_wav/shenhu_prompt.wav|王先生，请您先消消气。我查了一下记录，这笔业务是在本月10号通过一个短信链接确认办理的。不过，有时候可能是我们在浏览网页或者点开一些推广短信时不小心误触了。|客服人员用更加柔和的语调尝试安抚用户情绪，语速放缓，音高平稳。她清晰地陈述了业务办理的记录，随后以一种温和而理解的语气，提出了“误触”的可能性，旨在为用户提供一个非指责性的解释，以缓解紧张气氛。
001_000003_000008|先不打扰您了，祝您生活愉快，再见。|prompt_wav/meituan_prompt.wav|误触也要扣钱？你们这叫陷阱！我根本没用过这个业务，你们必须给我退了。|男性用户显然不接受“误触”的解释，他的声音再次变得强硬，语速和音高略有抬升。他带着强烈的质疑和指责，将此称为“陷阱”，并以不容置疑的语气，坚定地要求退还费用。
001_000003_000009|嗯非常抱歉给您带来麻烦了先那这样我这边马上安排骑手给您尽快配送嗯骑手接单情况下我会马上以短信的形式告知给您。|prompt_wav/shenhu_prompt.wav|完全明白。既然这项业务非您本人意愿办理，且您确实没有使用过其中的权益，我这边现在就为您申请关闭这项业务，避免下个月再产生费用。|客服人员以理解而坚定的语气回应，语速平稳，音高适中。她明确表达了对用户情况的理解和认同，随即主动承诺立即为用户关闭相关业务，展现了积极解决问题的专业态度。
001_000003_000010|先不打扰您了，祝您生活愉快，再见。|prompt_wav/meituan_prompt.wav|光关了就行了？那这扣掉的50块钱怎么办？|男性用户对部分解决方案并不完全满意，他的语气中带着疑问和追问，语速适中，音高略有起伏，明确表达了对已扣费用的处理方式的关切和期待。
001_000003_000011|嗯非常抱歉给您带来麻烦了先那这样我这边马上安排骑手给您尽快配送嗯骑手接单情况下我会马上以短信的形式告知给您。|prompt_wav/shenhu_prompt.wav|王先生，关于这50元，我会立即为您向上级主管申请“争议费用返还”。考虑到您一直是我们移动的老客户，信用记录也非常好，我会尽力为您争取全额退回。|客服人员以沉稳而富有说服力的声音，详细阐述了退款流程，语速适中，音高平稳。她强调了用户作为老客户的优势，并承诺会“尽力争取全额退回”，语气中充满了积极解决问题的诚意和对客户的重视。
001_000003_000012|先不打扰您了，祝您生活愉快，再见。|prompt_wav/meituan_prompt.wav|本来就该全退，这是你们的问题。|男性用户以一种理所当然的语气回应，声音依旧坚定，语速平缓。他再次重申了全额退款的合理性，并直接指出这是运营商的问题，但语气中已不再带有之前的激烈情绪。
001_000003_000013|嗯非常抱歉给您带来麻烦了先那这样我这边马上安排骑手给您尽快配送嗯骑手接单情况下我会马上以短信的形式告知给您。|prompt_wav/shenhu_prompt.wav|您的心情我懂。这样，我已经提交了申请，这50元话费预计会在24小时内以充值的方式返还到您的手机账户里。届时您会收到一条10086发送的到账短信，请您注意查收。|客服人员再次展现了同理心，随后以清晰、流畅的语速，详细告知了退款的具体时间和方式。她的声音沉着而专业，语调平稳，一步步指引用户如何确认退款到账，语气中带着完成任务的确定感。
001_000003_000014|先不打扰您了，祝您生活愉快，再见。|prompt_wav/meituan_prompt.wav|这还差不多。那以后怎么保证不再乱扣费？|男性用户语气稍缓，略带一丝认可，但仍不完全放松警惕。他以一种直接的询问方式，表达了对未来如何避免类似乱扣费问题的关切，声音中带着对解决方案的期待。
001_000003_000015|嗯非常抱歉给您带来麻烦了先那这样我这边马上安排骑手给您尽快配送嗯骑手接单情况下我会马上以短信的形式告知给您。|prompt_wav/shenhu_prompt.wav|王先生，建议您可以下载一个“中国移动”APP，在“已订业务”里可以随时查看。另外，我也为您免费开启一个“增值业务消费短信二次确认”功能，以后再有这类扣费业务，必须您回复确认才生效，这样就保险了。|客服人员以专业而周到的语气，语速适中，音高平稳，为用户提供了具体的预防措施。她详细介绍了两种主动防范乱扣费的方法，并着重解释了“二次确认”功能如何保障用户权益，语气中充满了为客户着想的诚恳。
001_000003_000016|先不打扰您了，祝您生活愉快，再见。|prompt_wav/meituan_prompt.wav|行吧，那你帮我把那个什么确认功能开一下。|男性用户终于放松下来，语气中透着一丝释然和接纳，语速平缓。他直接且略带随性地请求客服开启所建议的功能，表明了对解决方案的最终认可。
001_000003_000017|嗯非常抱歉给您带来麻烦了先那这样我这边马上安排骑手给您尽快配送嗯骑手接单情况下我会马上以短信的形式告知给您。|prompt_wav/shenhu_prompt.wav|好的，已经为您办理成功了。请问还有其他业务我可以帮到您的吗？|客服人员以清晰简洁的语调，迅速确认了业务办理成功。她的声音保持着一贯的专业和礼貌，随后以标准的服务结束语，询问是否还需要其他帮助。
001_000003_000018|先不打扰您了，祝您生活愉快，再见。|prompt_wav/meituan_prompt.wav|没了，只要钱退回来就行。|男性用户以一种略带放松的语气，简短地表示已无其他需求。他再次强调了对退款的唯一关注，显示出事件接近圆满解决后的心态。
001_000003_000019|嗯非常抱歉给您带来麻烦了先那这样我这边马上安排骑手给您尽快配送嗯骑手接单情况下我会马上以短信的形式告知给您。|prompt_wav/shenhu_prompt.wav|感谢您的理解与支持，后期会有个服务满意度调查，如果满意请给个好评，祝您生活愉快，再见。|客服人员以真诚而温和的语气，语速适中，音高平和，向用户表达了感谢。她随后礼貌地提到了服务满意度调查，并送上了真诚的祝福与告别，整个过程展现出良好的职业素养和亲和力。
001_000004_000000|嗯非常抱歉给您带来麻烦了先那这样我这边马上安排骑手给您尽快配送嗯骑手接单情况下我会马上以短信的形式告知给您。|prompt_wav/shenhu_prompt.wav|您好，请问是尾号6789移动手机号的主持人王先生吗？|一位客服人员以清晰、礼貌的声音进行开场，语速适中，音高平稳。她以专业的问询语气，标准清晰地确认用户身份，尾音略带上扬，表现出询问的意图。
001_000004_000001|先不打扰您了，祝您生活愉快，再见。|prompt_wav/meituan_prompt.wav|是的，哪位？|用户以简短而直接的语气回应，声音清晰，带着一丝对陌生来电的警惕和询问。他的语速略快，在“哪位”处音高略微上扬，体现了身份确认后的自然好奇。
001_000004_000002|嗯非常抱歉给您带来麻烦了先那这样我这边马上安排骑手给您尽快配送嗯骑手接单情况下我会马上以短信的形式告知给您。|prompt_wav/shenhu_prompt.wav|您好王先生，我是中国移动的客户经理。今天致电给您，是看到您家里的移动宽带目前还是300M的速率，考虑到近期网络带宽需求增加，特意为您申请了一个宽带直升1000M的全光WiFi提速名额，想跟您简短确认一下。|客服人员声音清晰、语调亲切，以专业而富有引导性的语气进行自我介绍并说明来意。她的语速适中，在介绍提速方案时节奏略有加快，旨在吸引用户的注意并传递“专属优惠”的积极信息。
001_000004_000003|先不打扰您了，祝您生活愉快，再见。|prompt_wav/meituan_prompt.wav|提速？我现在300M用着也还行，为什么要升1000M？|用户发出带有疑问和些许不解的语气，音高在“提速”处略微上扬，随后以一种平实而略带抵抗的情绪，质疑升级的必要性。他的语速偏缓，表达了对现状满足和对未知变化的谨慎。
001_000004_000004|嗯非常抱歉给您带来麻烦了先那这样我这边马上安排骑手给您尽快配送嗯骑手接单情况下我会马上以短信的形式告知给您。|prompt_wav/shenhu_prompt.wav|王先生，是这样的。300M在应对刷短视频或普通聊天时确实够用，但现在家庭智能设备多，尤其是如果您家里有人看4K超高清电视、玩大型网游或者经常下载文件，300M的带宽分摊到各个设备后，其实容易出现缓冲和延迟。|客服人员以理解且耐心的语气回应，先是平稳地认同用户观点，随后语速适中、咬字清晰地分析当前带宽可能面临的问题。她的声音沉稳，旨在专业地引导用户认识到升级的潜在价值。
001_000004_000005|先不打扰您了，祝您生活愉快，再见。|prompt_wav/meituan_prompt.wav|升级是不是又要加钱？你们这种推销我听多了。|用户语调直接且带有明显的质疑，声音中透露出对销售套路的警惕和一丝不耐。他以略快的语速、坚决的语气直接询问费用问题，反映出对额外支出的担忧和过去不佳的推销体验。
001_000004_000006|嗯非常抱歉给您带来麻烦了先那这样我这边马上安排骑手给您尽快配送嗯骑手接单情况下我会马上以短信的形式告知给您。|prompt_wav/shenhu_prompt.wav|您的担心我理解，所以我今天才专门回访老客户。这个1000M提速方案是我们推出的“全光家庭回馈计划”，如果您目前的套餐符合条件，每个月只需要增加极少的费用，甚至有些用户是可以直接平移升级的，主要目的是提升您的用网质量。|客服人员以柔和且理解的语调安抚用户的疑虑，声音沉稳而富有耐心。她随后以清晰、充满诚意的语气解释费用政策，语速适中，强调“极少的费用”和“平移升级”，旨在消除用户的顾虑并突出服务的“回馈”性质。
001_000004_000007|先不打扰您了，祝您生活愉快，再见。|prompt_wav/meituan_prompt.wav|1000M真的有那么快吗？我感觉不到区别啊。|用户语气中带着挥之不去的不确定，再次以疑问句式表达对实际体验效果的怀疑。他的声音平缓，但“感觉不到区别”一句透露出一种需要更直观证据的质疑，语调略显迟疑。
001_000004_000008|嗯非常抱歉给您带来麻烦了先那这样我这边马上安排骑手给您尽快配送嗯骑手接单情况下我会马上以短信的形式告知给您。|prompt_wav/shenhu_prompt.wav|区别是非常明显的。升级后，下载一部2GB的电影只需要十几秒，全家人同时上网也不会互相抢网速。而且我们会为您同步更换最新的WiFi 6专业路由器。|客服人员以非常肯定且充满信心的语气回应，语速略有加快，声音清晰有力。她通过具体生动的例子和额外的增值服务，旨在直观地展现升级后的显著优势，语气中充满说服力。
001_000004_000009|先不打扰您了，祝您生活愉快，再见。|prompt_wav/meituan_prompt.wav|那还要换设备？太麻烦了，我还要上班。|用户语气中流露出对操作复杂性和时间成本的担忧，声音略显疲惫或不耐。他以略带抱怨的语调提出新的阻碍，尤其强调“太麻烦了”和“我还要上班”，表达了对额外投入精力的抗拒。
001_000004_000010|嗯非常抱歉给您带来麻烦了先那这样我这边马上安排骑手给您尽快配送嗯骑手接单情况下我会马上以短信的形式告知给您。|prompt_wav/shenhu_prompt.wav|这一点请您放心。设备更换和线路调试全部由我们的专业智慧家庭工程师上门完成。您可以预约在周末或者您下班后的休息时间，我们会配合您的行程，通常30分钟内就能调试完毕。|客服人员以极其耐心和安抚的语气打消用户的顾虑，声音柔和而坚定。她语速适中，清晰地说明了解决方案，并在“请您放心”和“配合您的行程”处展现出极高的服务意识和灵活性，旨在让用户完全放下心来。
001_000004_000011|先不打扰您了，祝您生活愉快，再见。|prompt_wav/meituan_prompt.wav|那你先说说具体多少钱，划算我才考虑。|用户语气变得更为直接和务实，声音平稳，显示出即将进入决策阶段。他开门见山地要求提供具体费用，以一种权衡利弊的姿态表明了最终的考虑条件，不再带有明显的抗拒情绪。
001_000004_000012|嗯非常抱歉给您带来麻烦了先那这样我这边马上安排骑手给您尽快配送嗯骑手接单情况下我会马上以短信的形式告知给您。|prompt_wav/shenhu_prompt.wav|经过系统查询，您现在的套餐基础上，每月只需要增加15元，就可以享受1000M超高速带宽。此外，我们还会赠送您一个月的互联网电视黄金会员，您可以先体验一下画质的提升。|客服人员以清晰、精确的声音告知具体费用，语速适中，音高平稳。她在强调每月只需增加“15元”时，语气略带肯定和吸引力，并通过额外赠送会员权益来进一步增加优惠的诱惑力，显得专业而周到。
001_000004_000013|先不打扰您了，祝您生活愉快，再见。|prompt_wav/meituan_prompt.wav|15元？那一年也要快两百块钱了。|用户语气中带着对数字的瞬间考量和一丝犹豫，声音在“15元”处略微上扬，随后以一种自言自语般的计算语气，表达了对年度总费用的直观感受，显示出他仍在进行成本效益的权衡。
001_000004_000014|嗯非常抱歉给您带来麻烦了先那这样我这边马上安排骑手给您尽快配送嗯骑手接单情况下我会马上以短信的形式告知给您。|prompt_wav/shenhu_prompt.wav|王先生，其实每天平均下来不到五毛钱。用这不到五毛钱换来全家一整天的网络畅通，避免在关键时刻断网或卡顿，其实是非常划算的。您可以先试用三个月，如果觉得提升不明显，后续可以随时调整。|客服人员以极具说服力且充满耐心的语气，将每月费用巧妙地转化为“每天不到五毛钱”，声音沉稳而充满理性。她同时提供了“试用三个月”的灵活方案，旨在最大程度地打消用户最后的顾虑，语气显得非常体贴和有弹性。
001_000004_000015|先不打扰您了，祝您生活愉快，再见。|prompt_wav/meituan_prompt.wav|升了之后，要是网速还是达不到1000M怎么办？|用户语气趋于严肃，以一个直接的问题表达了对实际网络速度能否达标的深层担忧。他的声音平稳，但疑问中蕴含着对服务承诺的谨慎态度，寻求明确的保障。
001_000004_000016|嗯非常抱歉给您带来麻烦了先那这样我这边马上安排骑手给您尽快配送嗯骑手接单情况下我会马上以短信的形式告知给您。|prompt_wav/shenhu_prompt.wav|我们会有专业的测速报告。工程师安装好之后，会当面带您使用官方测速插件进行实地测速，确保入户速率达到标准才会请您签字确认。如果因为线路老化达不到，我们会免费为您重新布线。|客服人员以极其专业和详尽的语气，清晰地阐述了确保网速达标的保障措施，声音自信且富有条理。她详细说明了测速流程和免费布线的承诺，旨在提供完全的透明度和安心感，语气坚定而负责。
001_000004_000017|先不打扰您了，祝您生活愉快，再见。|prompt_wav/meituan_prompt.wav|那行吧，你发个具体的信息给我看看。|用户语气中带着一种最终的接受和妥协，声音平缓且显得轻松。他不再有疑问或抗拒，而是直接要求发送详细信息，表明已经基本被说服并准备进入下一步流程。
001_000004_000018|嗯非常抱歉给您带来麻烦了先那这样我这边马上安排骑手给您尽快配送嗯骑手接单情况下我会马上以短信的形式告知给您。|prompt_wav/shenhu_prompt.wav|好的王先生，我这就把详细的资费细则和升级后的权益通过10086官方短信发到您手机上。建议您现在就直接帮您在线下个意向单，这样我可以帮您优先锁定这个优惠名额，稍后会有专人和您确认上门时间，您看可以吗？|客服人员以积极而高效的语调回应，声音清晰且充满行动力。她迅速确认后续信息发送，并立刻提出“在线下意向单”的建议，旨在趁热打铁，以“优先锁定优惠名额”为诱饵，推动用户尽快完成初步的确认，语气既专业又略带催促。
001_000004_000019|先不打扰您了，祝您生活愉快，再见。|prompt_wav/meituan_prompt.wav|可以，那你先帮我登记一下吧。|用户以简短而干脆的语气表示同意，声音平稳而肯定。他的回应直接且不带任何犹豫，表明了对客服提议的完全接受，准备进行下一步的操作。
001_000004_000020|嗯非常抱歉给您带来麻烦了先那这样我这边马上安排骑手给您尽快配送嗯骑手接单情况下我会马上以短信的形式告知给您。|prompt_wav/shenhu_prompt.wav|没问题，王先生。已为您登记成功。请您留意稍后的确认短信，感谢您对中国移动的支持，祝您生活愉快，再见。|客服人员以清晰、愉快且带有满足感的语气，确认了业务办理成功。她以专业且富有礼貌的口吻，告知用户后续事项，并在表达感谢和祝愿时，语速略缓，声音柔和，展现出真诚的客户服务态度，完成一次圆满的通话。
001_000004_000021|先不打扰您了，祝您生活愉快，再见。|prompt_wav/meituan_prompt.wav|好的，再见。|用户以简短而礼貌的告别语结束通话，声音平静，语速适中，体现了良好的通话习惯。
001_000005_000000|嗯非常抱歉给您带来麻烦了先那这样我这边马上安排骑手给您尽快配送嗯骑手接单情况下我会马上以短信的形式告知给您。|prompt_wav/shenhu_prompt.wav|您好，请问是手机尾号 6789 的主号人张先生吗？这里是中国移动 10086 客户服务中心，我是您的专属客户经理。|一位客服人员以清晰、标准的普通话进行开场，语速平稳而富有节奏感，通过温和而略带提问的语调进行身份确认和自我介绍，体现出专业和礼貌的服务态度。
001_000005_000001|先不打扰您了，祝您生活愉快，再见。|prompt_wav/meituan_prompt.wav|是的，是我，有什么事吗？|用户用中等音高回应，语速稍快，以一种直接而略带询问的语气确认了身份，同时表达了对通话目的的好奇，声音显得干净利落。
001_000005_000002|嗯非常抱歉给您带来麻烦了先那这样我这边马上安排骑手给您尽快配送嗯骑手接单情况下我会马上以短信的形式告知给您。|prompt_wav/shenhu_prompt.wav|感谢您的接听。今天致电给您，主要是看到您目前使用的 158 元移动全家桶套餐，每月的通用流量和通话时长都有不少剩余，为了避免资源浪费，近期我们为您推出了一项“全家共享”的增值服务，想简单为您说明一下。|客服人员以专业而友好的语调承接，语速适中，咬字清晰，详细说明了致电的来意，并巧妙地引入了新服务。她的声音在陈述用户套餐情况时保持平稳，在介绍新服务时则略带引导性，旨在引起用户的兴趣。
001_000005_000003|先不打扰您了，祝您生活愉快，再见。|prompt_wav/meituan_prompt.wav|全家共享？是什么意思，要额外加钱吗？|用户以略带疑惑和警惕的语气发问，音高略有抬升，语速略快。她重复了服务名称以示不解，并迅速抛出对“是否加钱”的疑虑，声音中透露出对潜在费用的敏感。
001_000005_000004|嗯非常抱歉给您带来麻烦了先那这样我这边马上安排骑手给您尽快配送嗯骑手接单情况下我会马上以短信的形式告知给您。|prompt_wav/shenhu_prompt.wav|其实是帮您省钱的。您可以为您家里的老人或小孩申领一张移动副卡。这张卡不需要单独办理套餐，直接共享您主卡里的几百 GB 流量和通话分钟数。这样一来，家里人就不用再每月额外缴纳几十块的话费了。|客服人员的声音立即变得坚定而富有说服力，语速适中，音高平稳。她清晰地阐述了服务的省钱优势和具体操作方式，通过详细的解释来打消用户的疑虑，声音中充满了专业的自信。
001_000005_000005|先不打扰您了，祝您生活愉快，再见。|prompt_wav/meituan_prompt.wav|我家里小孩已经有电话卡了，每个月扣三十多块钱，办这个有什么好处？|用户平静地描述了家里的现有情况，语气中带着务实的考量，并以一种直截了当的提问方式，寻求办理该服务的具体好处，声音清晰但略显平淡。
001_000005_000006|嗯非常抱歉给您带来麻烦了先那这样我这边马上安排骑手给您尽快配送嗯骑手接单情况下我会马上以短信的形式告知给您。|prompt_wav/shenhu_prompt.wav|这正是关键所在。如果您把小孩现在的卡转为这张副卡，每月只需 10 元的月租费，这 10 元钱还是从您主卡余额里扣除，相当于小孩以后不用再自己充话费了。而且，主副卡之间在国内拨打通话是完全免费的，方便您随时联系孩子。|客服人员的语速略微加快，音高略有抬升，以一种强调性的语气回应了用户的顾虑，着重突出了服务的核心优势。她的声音充满活力，条理清晰地列举了费用节省和免费通话等具体利益点，旨在加深用户的认同感。
001_000005_000007|先不打扰您了，祝您生活愉快，再见。|prompt_wav/meituan_prompt.wav|听起来还行，但办新卡是不是很麻烦？还要去营业厅排队吧？|用户以一种略带迟疑和考量的语气回应，语速稍缓，先是肯定了服务，但随即又抛出了对办理流程繁琐的担忧。她的疑问中透露出对传统办理方式的排斥，语气显得有些犹豫。
001_000005_000008|嗯非常抱歉给您带来麻烦了先那这样我这边马上安排骑手给您尽快配送嗯骑手接单情况下我会马上以短信的形式告知给您。|prompt_wav/shenhu_prompt.wav|这一点请您放心。现在正值我们的惠民服务月，如果您有需要，我可以为您申请“绿色办理通道”。新卡会通过快递直接寄到您家门口，您收到后扫码就能激活，完全不需要跑营业厅。|客服人员的声音立即变得非常坚定和自信，以一种极为安抚的语气打消了用户的疑虑。她语速平稳，清晰地介绍了“绿色办理通道”和便捷的送卡激活流程，语调中充满了为用户解决问题的诚意和专业度。
001_000005_000009|先不打扰您了，祝您生活愉快，再见。|prompt_wav/meituan_prompt.wav|那原来的号码能保留吗？我不想给孩子换号。|用户以平静而直接的语气提出疑问，表达了对保留孩子现有号码的强烈意愿。她的语速适中，声音中带着一丝对稳定性的坚持，期望获得一个明确的解决方案。
001_000005_000010|嗯非常抱歉给您带来麻烦了先那这样我这边马上安排骑手给您尽快配送嗯骑手接单情况下我会马上以短信的形式告知给您。|prompt_wav/shenhu_prompt.wav|针对您提到的情况，如果您家人的号码本身就是咱们移动的，我们可以尝试办理“副卡绑定”；如果是新办卡，我们可以为您筛选一个和您主卡尾数接近的“家庭对号”，这样也比较好记。|客服人员以清晰的逻辑和专业的措辞回应，语速适中，语调平稳。她针对用户的具体情况提供了两种灵活的解决方案，声音中透露出为客户考虑周全的细致和耐心。
001_000005_000011|先不打扰您了，祝您生活愉快，再见。|prompt_wav/meituan_prompt.wav|流量真的够分吗？我怕孩子刷视频把我的流量都扣光了。|用户带着一丝明显的忧虑和实用主义的考虑发问，语速稍缓。她对共享流量的实际使用情况表示担忧，特别提到了孩子刷视频的场景，语气中透露出对资源被耗尽的担心。
001_000005_000012|嗯非常抱歉给您带来麻烦了先那这样我这边马上安排骑手给您尽快配送嗯骑手接单情况下我会马上以短信的形式告知给您。|prompt_wav/shenhu_prompt.wav|您考虑得很周全。在办理时，您可以联系我或者登录移动 APP，给副卡设置一个流量使用限额。比如每个月限额 10GB，超过后就会自动提醒或断网，这样既能保证孩子上网，也能防止流量超支。|客服人员的声音变得更加温和和富有同理心，首先肯定了用户的周全考虑。她以清晰、条理分明的语速解释了设置流量限额的功能，通过具体的例子打消用户的疑虑，语气中充满了专业指导的耐心。
001_000005_000013|先不打扰您了，祝您生活愉快，再见。|prompt_wav/meituan_prompt.wav|行吧，那你帮我查查，我这个套餐最多能办几张这种副卡？|用户以一种略带决定性的语气回应，语速适中，表明了初步的接受意向。她随即提出具体查询请求，声音中透露出对服务进一步了解的积极性，为下一步的行动做准备。
001_000005_000014|嗯非常抱歉给您带来麻烦了先那这样我这边马上安排骑手给您尽快配送嗯骑手接单情况下我会马上以短信的形式告知给您。|prompt_wav/shenhu_prompt.wav|好的，稍等。系统显示您的套餐级别很高，最多可以支持办理 2 张共享副卡。如果您家里老人也经常刷抖音、视频通话，建议给老人家也备一张，这样全家的通讯开支就整合成一份账单，非常清晰。|客服人员先以简短的应答表示处理，随后以清晰、流畅的语速报告了查询结果，并巧妙地提出了为家庭老人办理副卡的建议。她的声音充满专业度和引导性，旨在将服务的价值最大化，语气中带有亲切的推销意图。
001_000005_000015|先不打扰您了，祝您生活愉快，再见。|prompt_wav/meituan_prompt.wav|听着不错，那你先给我发个短信介绍吧，我和家里人商量下。|用户以一种满意的、略带肯定的语气表达了对服务的认可，并提出了发送短信介绍的请求。她的声音平和，语速适中，表明需要与家人商议后做出最终决定，语气中透露出理性的考虑。
001_000005_000016|嗯非常抱歉给您带来麻烦了先那这样我这边马上安排骑手给您尽快配送嗯骑手接单情况下我会马上以短信的形式告知给您。|prompt_wav/shenhu_prompt.wav|没问题，稍后我会通过 10086 官方平台把具体的资费详情和办理链接发送到您的手机上。建议您尽快查看，因为这个“首年免月租”的优惠名额是限时发放的。如果您后续有办理意向，可以直接回复短信或等我明天的回访。|客服人员以清晰而果断的语气回应，语速略快，立即确认了发送短信的安排。她特别强调了优惠的“限时”性质，以一种温和但紧迫的语调促使用户尽快行动，并明确提供了后续联系方式，展现了专业的服务闭环。
001_000005_000017|先不打扰您了，祝您生活愉快，再见。|prompt_wav/meituan_prompt.wav|好的，谢谢。|用户以简短而礼貌的声音回应，语速平稳，表达了感谢，语气平静而客气。
001_000005_000018|嗯非常抱歉给您带来麻烦了先那这样我这边马上安排骑手给您尽快配送嗯骑手接单情况下我会马上以短信的形式告知给您。|prompt_wav/shenhu_prompt.wav|不客气，感谢您一直以来对中国移动的支持。后续如果您在流量或者宽带使用上有什么疑问，欢迎随时致电。祝您生活愉快，再见。|客服人员以柔和而真诚的语调结束通话，语速适中，感谢了用户的支持。她的声音充满了友好和专业，在最后送上祝福并提供未来帮助，语调平稳自然，完成了礼貌的告别。
001_000006_000000|嗯非常抱歉给您带来麻烦了先那这样我这边马上安排骑手给您尽快配送嗯骑手接单情况下我会马上以短信的形式告知给您。|prompt_wav/shenhu_prompt.wav|您好！这里是中国移动官方客服，工号 123456，感谢您接听我们的电话。本次联系您，是因为关注到您是三星级优质用户，这个号码使用时间也比较久了，所以移动公司特别为您准备了套餐优惠活动。具体活动内容如下：可以每月为您减免 8.7 元话费，补贴期限是两年；从下个月起，通话分钟数提升到 200 分钟，流量提升到 5GB，另外我们还会多给您加 20GB 流量和 300 分钟通话，这样下个月您一共能享受到 500 分钟通话和 25GB 流量，内容比之前丰富很多。|一位客服人员以专业而热情的语调开场，用清晰、标准普通话进行自我介绍并表达感谢。随后，她语速适中，节奏稳健，条理清晰地详细阐述了针对优质用户的首个优惠套餐内容，旨在吸引用户关注并建立信任。
001_000006_000001|嗯非常抱歉给您带来麻烦了先那这样我这边马上安排骑手给您尽快配送嗯骑手接单情况下我会马上以短信的形式告知给您。|prompt_wav/shenhu_prompt.wav|减免后每月套餐费用是 20.3 元，享受的是原价 29 元的套餐内容；如果您两年内每月消费能达到 30 元，就能一直享受这个优惠。活动到期后，您可以根据自己的意愿调整套餐，所以您可以放心使用，这是专门针对长期优质用户的回馈福利。|客服人员语速保持平稳，音质清晰，继续详细说明了优惠套餐的费用构成和享受条件。她的语调略带强调，旨在打消用户的顾虑，并以一种充满说服力的语气，强调这是专为长期优质用户提供的专属回馈，展现出服务的细致与周到。
001_000006_000002|先不打扰您了，祝您生活愉快，再见。|prompt_wav/meituan_prompt.wav|好吧，你说是多少钱？|用户以一种略带犹豫的语气简短回应，表达了初步的接受，随即带着一丝疑惑，音高稍有抬升地直接询问了套餐的具体费用，显示出对关键信息的再次确认需求。
001_000006_000003|嗯非常抱歉给您带来麻烦了先那这样我这边马上安排骑手给您尽快配送嗯骑手接单情况下我会马上以短信的形式告知给您。|prompt_wav/shenhu_prompt.wav|这个套餐原价 29 元，每月减免 8.7 元后，基础费用是 20.3 元，包含 200 分钟通话和 5GB 流量；如果您每月消费能达到 30 元，还能额外享受 20GB 流量和 300 分钟通话，这样总共就能有 25GB 流量和 500 分钟通话，相当于每月花 30 元就能享受这些内容。|客服人员展现出极大的耐心，以清晰而缓慢的语速，再次详细地重申了套餐的原始价格、优惠后价格以及具体包含的服务内容。她语调平稳，在阐述不同消费档次对应的福利时，咬字清晰，强调了用户最终能享受到的全部权益，旨在确保用户完全理解。
001_000006_000004|先不打扰您了，祝您生活愉快，再见。|prompt_wav/meituan_prompt.wav|这好像用不到。|用户以一种平静但略带否定意味的语调，简洁地表达了对当前套餐内容的需求不足，言语中透露出对该优惠不甚感兴趣的态度。
001_000006_000005|嗯非常抱歉给您带来麻烦了先那这样我这边马上安排骑手给您尽快配送嗯骑手接单情况下我会马上以短信的形式告知给您。|prompt_wav/shenhu_prompt.wav|我理解您觉得用不到，不过我查看了您的消费记录，您平时每月消费大概 10 来块钱，当前套餐本身是 9 元，因为套餐内没有通话分钟数，偶尔打电话不够用，打一分钟按 0.25 元收费，所以总消费会到 10 元左右。|客服人员以理解且略带分析的语气回应，先是表达了对用户观点的认同，随后通过清晰、客观地阐述用户过往的消费记录和现有套餐的不足，试图引导用户认识到其潜在的通话需求和超出资费问题，语速沉稳且富含数据支撑。
001_000006_000006|先不打扰您了，祝您生活愉快，再见。|prompt_wav/meituan_prompt.wav|这都是给孩子用的，孩子用不上这些。|用户以一种直接而略带解释的语气，清晰地说明了手机的实际使用者是孩子，并强调了孩子对这些额外服务没有需求，以此明确拒绝了之前的套餐提议。
001_000006_000007|嗯非常抱歉给您带来麻烦了先那这样我这边马上安排骑手给您尽快配送嗯骑手接单情况下我会马上以短信的形式告知给您。|prompt_wav/shenhu_prompt.wav|原来是给孩子用的，那确实可能用不上刚才说的套餐。那这样吧，先生，我给您推荐另一个更合适的活动：您当前的 9 元套餐不变，额外办理一个 1 元优惠包，每月只需多花 1 元，就能在套餐外多加 50 分钟通话和 5GB 通用流量。活动期间，您每月消费够 10 元就行，您近期的消费差不多都能达到这个标准，办理后您稍后就能直接使用。|客服人员语气柔和，带着恍然大悟的理解，迅速接受了用户的反馈，并立即切换到解决问题的模式。她语速适中，以一种积极且充满建议性的语调，清晰明了地推荐了一个更具针对性的新优惠包，详细阐述了其低成本和实用性，展现了灵活应变和为用户着想的专业态度。
001_000006_000008|嗯非常抱歉给您带来麻烦了先那这样我这边马上安排骑手给您尽快配送嗯骑手接单情况下我会马上以短信的形式告知给您。|prompt_wav/shenhu_prompt.wav|这个优惠包的有效期是 36 个月，到期后会自动结束，结束后您还是用原来的 9 元套餐，不会有任何改变。添加这个优惠包，您偶尔打电话就不用担心超出产生高额话费了。|客服人员继续以耐心且富有条理的语调，清晰地说明了新优惠包的有效期及到期后的自动结束机制，尤其强调了对原套餐的无影响，旨在消除用户的后顾之忧。她用略带强调的语气指出，此举能有效解决用户偶尔超出通话产生高额话费的痛点，语气中充满了为用户排忧解难的诚意。
001_000006_000009|先不打扰您了，祝您生活愉快，再见。|prompt_wav/meituan_prompt.wav|好吧，这可以。|用户语气明显放松，带着一丝满意的肯定，简短而明确地接受了客服推荐的新优惠方案，显示出对这一更贴合需求的建议感到认可。
001_000006_000010|嗯非常抱歉给您带来麻烦了先那这样我这边马上安排骑手给您尽快配送嗯骑手接单情况下我会马上以短信的形式告知给您。|prompt_wav/shenhu_prompt.wav|好的，那我跟您明确一下这个优惠包的细节：办理后立即生效，增加的 50 分钟通话和 5GB 流量仅限本号码当月使用；6 个月后无需您操作，会自动结束；另外，本机号码每月最低消费需达到 10 元，如果月底没达到，会补收差额。这些内容您都清楚了吧？|客服人员以一种严谨而负责的语气，语速略微放缓，逐条清晰地确认了新优惠包的关键细节，包括生效时间、流量使用限制、结束方式及最低消费要求。她在阐述每项条款时咬字准确，并在结尾处以询问的语调，确保用户对所有信息都已完全理解，展现了专业且一丝不苟的服务态度。
001_000006_000011|嗯非常抱歉给您带来麻烦了先那这样我这边马上安排骑手给您尽快配送嗯骑手接单情况下我会马上以短信的形式告知给您。|prompt_wav/shenhu_prompt.wav|另外确认一下，您的号码是 15965435454，您记一下这个号码信息，对吗？|客服人员语速稍缓，以一种清晰而谨慎的语调，报出用户的手机号码进行再次确认。她在说出号码时字正腔圆，并在结尾处以提问的方式，寻求用户的核实，体现了办理流程的严谨性。
001_000006_000012|先不打扰您了，祝您生活愉快，再见。|prompt_wav/meituan_prompt.wav|对。|用户以简洁有力的单字回应，清晰地表达了肯定，语气干脆利落。
001_000006_000013|嗯非常抱歉给您带来麻烦了先那这样我这边马上安排骑手给您尽快配送嗯骑手接单情况下我会马上以短信的形式告知给您。|prompt_wav/shenhu_prompt.wav|那办理方式有两种，您是想通过回复短信办理，还是我直接帮您办理？直接办理的话，您听到提示音后按 1 号键就行，很方便。|客服人员以一种高效且提供选择的语气，语速适中地向用户介绍了两种办理方式。她在推荐更便捷的“按键办理”方式时，语气略带引导和鼓励，强调了其操作简便性，旨在促使用户做出快速决定。
001_000006_000014|先不打扰您了，祝您生活愉快，再见。|prompt_wav/meituan_prompt.wav|按 1 号键吧。|用户以一种直接而明确的语气，干脆地选择了按键办理方式，显示出对操作便利性的偏好和积极的配合态度。
001_000006_000015|嗯非常抱歉给您带来麻烦了先那这样我这边马上安排骑手给您尽快配送嗯骑手接单情况下我会马上以短信的形式告知给您。|prompt_wav/shenhu_prompt.wav|好的，那我现在帮您转接，您听到提示音后按 1 号键稍等片刻就行。|客服人员以流畅且富有行动力的语调确认了用户的选择，并清晰地告知了接下来的操作步骤。她的语气带有引导性，同时不忘提示用户稍作等待，确保流程顺畅。
001_000006_000016|嗯非常抱歉给您带来麻烦了先那这样我这边马上安排骑手给您尽快配送嗯骑手接单情况下我会马上以短信的形式告知给您。|prompt_wav/shenhu_prompt.wav|好的，请您稍等。办理成功了，这个优惠包已经为您开通，稍后您会收到办理成功的短信，收到后就能直接使用额外的 50 分钟通话和 5GB 流量了。|客服人员先是简短地请用户稍作等待，随后以一种明显带着喜悦和高效的语气，清晰地宣告了优惠包的成功办理。她语速变得稍快，带有肯定的语气，明确告知用户稍后将收到短信通知并可立即开始享受新增的通话和流量服务，传递出顺利完成业务的积极信息。
001_000006_000017|嗯非常抱歉给您带来麻烦了先那这样我这边马上安排骑手给您尽快配送嗯骑手接单情况下我会马上以短信的形式告知给您。|prompt_wav/shenhu_prompt.wav|今后使用过程中，如果有不清楚的地方，您直接打 10086 联系我们咨询就行。稍后您可能会收到满意度测评短信，10 分代表满意，一共 5 项。如果您方便的话，期待您对每一项都给出 10 分评价，辛苦您了，先生。|客服人员以专业且体贴的语气，主动提供了后续的咨询方式，语速平稳。随后，她话锋一转，以一种更为柔和、带有请求意味的语调，详细解释了满意度测评的评分标准，并礼貌地表达了对用户给出高分评价的期待，结尾处更是充满了感谢和客气。
001_000006_000018|先不打扰您了，祝您生活愉快，再见。|prompt_wav/meituan_prompt.wav|好的。|用户以简洁礼貌的“好的”回应，表达了对客服后续提醒和请求的理解与接受，语气平和。
001_000006_000019|嗯非常抱歉给您带来麻烦了先那这样我这边马上安排骑手给您尽快配送嗯骑手接单情况下我会马上以短信的形式告知给您。|prompt_wav/shenhu_prompt.wav|祝您生活愉快，再见！|客服人员以一种充满祝福和愉快的语调，干脆利落地结束了本次通话，声音略带上扬，传递出积极友好的道别。
001_000006_000020|先不打扰您了，祝您生活愉快，再见。|prompt_wav/meituan_prompt.wav|再见。|用户以平稳而礼貌的语气，简单地回应了道别，为整个对话画上句号。
001_000007_000000|嗯非常抱歉给您带来麻烦了先那这样我这边马上安排骑手给您尽快配送嗯骑手接单情况下我会马上以短信的形式告知给您。|prompt_wav/shenhu_prompt.wav|你好你好！我是中国移动官方客服，工号 564897。本次来电是因为系统关注到您本月手机流量只剩 2GB 了，为了避免您后续流量超出产生额外收费，特意给您做个温馨提示。我查看了您的流量使用记录，上个月您流量不够用，超了 15GB；前个月流量也超了不少，同样超了 15GB。现在可以为您的号码额外申请每月多加 20GB 流量，连续享受 6 个月优惠，每月仅需 15 元。现在办理的话，一会就能立即使用这个升级后的流量了。|一位客服人员以清晰、标准普通话开场，语速适中偏快，语调平稳而专业。她首先进行自我介绍和来电缘由说明，随后详细列举了用户过去的流量超额情况，并以积极推介的语气，详细介绍了每月额外增加20GB流量的优惠方案及其办理后的即时生效优势。
001_000007_000001|先不打扰您了，祝您生活愉快，再见。|prompt_wav/meituan_prompt.wav|好吧。多少钱一个 GB 啊？|用户在短暂的思索后，以相对平缓的语速，略带迟疑地回应“好吧”，随后语气转为直接和务实，音高略微上扬，询问流量的具体单价，表达了对费用的具体关注。
001_000007_000002|嗯非常抱歉给您带来麻烦了先那这样我这边马上安排骑手给您尽快配送嗯骑手接单情况下我会马上以短信的形式告知给您。|prompt_wav/shenhu_prompt.wav|是这样的，20GB 流量每月 15 元，折算下来每个 GB 还不到 1 元，性价比很高的。|客服人员以清晰、肯定的音质，语速适中地解释了流量包的费用构成，并强调其“不到1元”每GB的超高性价比，语气中带着明显的推介和说服力。
001_000007_000003|先不打扰您了，祝您生活愉快，再见。|prompt_wav/meituan_prompt.wav|20 个 G？是一个月增加 20 个 G 吗？|用户语速稍缓，语气中带着一丝不确定和再次确认的意味，将“20个G”重复，并以疑问句式询问是否为“每月增加”，音高略有抬升，以确保自己理解无误。
001_000007_000004|嗯非常抱歉给您带来麻烦了先那这样我这边马上安排骑手给您尽快配送嗯骑手接单情况下我会马上以短信的形式告知给您。|prompt_wav/shenhu_prompt.wav|对的，是每月增加 20GB 全国通用流量，没有任何软件使用限制，所有应用都能正常用。|客服人员以果断而肯定的语气回答“对的”，语速适中，音高平稳。她清晰地重申了流量包的每月增加属性，并额外强调了其“全国通用”且“无任何软件使用限制”的特点，语气中充满了自信和专业性。
001_000007_000005|先不打扰您了，祝您生活愉快，再见。|prompt_wav/meituan_prompt.wav|现在我每个月话费要花多少钱？|用户语气平静，语速平缓，再次将焦点转移到整体费用上，音高在提问时略有上扬，询问自己当前每月的话费总额，以评估办理新业务后的影响。
001_000007_000006|嗯非常抱歉给您带来麻烦了先那这样我这边马上安排骑手给您尽快配送嗯骑手接单情况下我会马上以短信的形式告知给您。|prompt_wav/shenhu_prompt.wav|我先跟您说下您上个月的消费情况：因为流量超出，仅流量超出部分就产生了 80 元费用，加上其他消费，您上个月总话费达到了 162.6 元，确实比较贵。我们建议您办理这个流量包，这样就不用担心流量不够用、产生高额超流费了。您看您之前超 15GB 流量就花了 80 元，特别不划算，现在加 20GB 流量每月才 15 元，能省不少钱。|客服人员以一种诊断式的语气，语速适中偏缓，清晰地回顾了用户上个月因流量超额导致的高额话费账单。她的语气在描述高额费用时略带同情，随后转变为积极的推介和劝说，通过对比现有超额费和新流量包的费用，有力地强调了办理该流量包的经济效益。
001_000007_000007|先不打扰您了，祝您生活愉快，再见。|prompt_wav/meituan_prompt.wav|那现在办理这个流量包后，我每月总共要花多少钱？不是说能降到 15 块钱吗？加上我原本的套餐，总话费是多少？|用户语速略有加快，语气中带着明显的困惑和急切，音高在连续的疑问句中反复抬升。她明确询问办理流量包后的每月总费用，并针对此前提到的“15块钱”表达了不解，急于厘清总支出情况。
001_000007_000008|嗯非常抱歉给您带来麻烦了先那这样我这边马上安排骑手给您尽快配送嗯骑手接单情况下我会马上以短信的形式告知给您。|prompt_wav/shenhu_prompt.wav|您目前使用的是 49 元的套餐，办理这个 15 元的流量包后，每月固定消费就是 49 元 + 15 元 = 64 元，这样的费用还是很划算的。|客服人员以清晰、耐心的语调，语速适中地解答了用户的困惑，通过一个简单明了的加法运算，给出了办理流量包后的固定消费总额，并再次以肯定的语气强调其“划算”的特点。
001_000007_000009|先不打扰您了，祝您生活愉快，再见。|prompt_wav/meituan_prompt.wav|嗯，对了，你能帮我看看我现在还有没有其他额外费用吗？|用户轻声回应“嗯”，略作停顿后，以一种突然想起的语气，语速平缓地提出新的请求，询问当前是否还有其他额外费用，音高平稳，透露出对费用透明度的谨慎。
001_000007_000010|嗯非常抱歉给您带来麻烦了先那这样我这边马上安排骑手给您尽快配送嗯骑手接单情况下我会马上以短信的形式告知给您。|prompt_wav/shenhu_prompt.wav|好的，我帮您查一下。目前您的手机除了发送短信按每条 0.1 元收费外，没有其他额外费用，您可以放心。|客服人员以干脆利落的“好的”应答，随即以专业而略带安抚的语气，语速适中地告知查询结果，明确指出除短信费用外无其他额外收费，并在结尾处以肯定的语气强调“您可以放心”。
001_000007_000011|先不打扰您了，祝您生活愉快，再见。|prompt_wav/meituan_prompt.wav|那可以，就帮我办这个流量包吧。|用户语气变得果断而肯定，语速略快，在得到所有疑问的解答后，直接表达了满意并指示客服办理流量包，音高平稳，决定意向明确。
001_000007_000012|嗯非常抱歉给您带来麻烦了先那这样我这边马上安排骑手给您尽快配送嗯骑手接单情况下我会马上以短信的形式告知给您。|prompt_wav/shenhu_prompt.wav|好的，那这个流量优惠现在就为您添加，办理好后您马上就能使用了。这个优惠期限是 6 个月，6 个月后自动结束，包含的 20GB 流量仅限您本机号码当月使用。确认一下，您是 14752139467 号码的机主罗先生，对吗？罗先生，您看这个优惠是方便您自己回电办理，还是我现在在线直接帮您办理？|客服人员以流畅专业的语调，语速适中地确认将立即办理，并重申了优惠的有效期限、自动结束和流量使用范围等重要条款。随后，她以略带商量的语气，确认用户身份并提供了两种办理方式的选择，体现了服务的周到性。
001_000007_000013|先不打扰您了，祝您生活愉快，再见。|prompt_wav/meituan_prompt.wav|你们后台直接办理不就行了吗？|用户语速略快，语气中带着一丝不解和直接，音高在疑问处上扬，表达了倾向于后台直接办理的意愿，暗示其认为这是最便捷的方式。
001_000007_000014|嗯非常抱歉给您带来麻烦了先那这样我这边马上安排骑手给您尽快配送嗯骑手接单情况下我会马上以短信的形式告知给您。|prompt_wav/shenhu_prompt.wav|行，那我现在就帮您办理。稍后会有提示，麻烦您在手机键盘上按 1 号键确认，按 1 之后我就能为您完成办理了。|客服人员语气迅速且肯定，语速适中，音高平稳。她立即同意直接办理，并清晰地告知用户后续需要配合的手机键盘操作步骤，确保办理流程顺利。
001_000007_000015|嗯非常抱歉给您带来麻烦了先那这样我这边马上安排骑手给您尽快配送嗯骑手接单情况下我会马上以短信的形式告知给您。|prompt_wav/shenhu_prompt.wav|好的罗先生，这个流量优惠已经为您申请好了，一会您会收到办理成功的短信，之后就能正常使用这 20GB 流量了。后续如果有其他优惠活动，我们也会再次联系您。|客服人员以一种任务完成的专业和满意语气，语速适中，音质清晰，语调平稳。她告知用户流量优惠已申请成功，并说明了后续的短信通知和流量使用情况，最后略带友好地提及未来的优惠活动。
001_000007_000016|先不打扰您了，祝您生活愉快，再见。|prompt_wav/meituan_prompt.wav|好的好的。|用户语速轻松，语气带着轻松和满意的肯定，重复“好的好的”以表达接收信息和接受服务的愉悦感，音高平稳。
001_000007_000017|嗯非常抱歉给您带来麻烦了先那这样我这边马上安排骑手给您尽快配送嗯骑手接单情况下我会马上以短信的形式告知给您。|prompt_wav/shenhu_prompt.wav|那本次办理就完成了，感谢您的接听，再见！|客服人员以礼貌而专业的语调，语速适中，清晰地宣告本次办理的完成，并对用户的接听表示感谢，随后以标准的告别语结束通话。
001_000007_000018|先不打扰您了，祝您生活愉快，再见。|prompt_wav/meituan_prompt.wav|好，再见。|用户语速平缓，语气轻松，以简单的“好，再见”礼貌回应，完成通话的告别环节，音高平稳。
001_000007_000019|嗯非常抱歉给您带来麻烦了先那这样我这边马上安排骑手给您尽快配送嗯骑手接单情况下我会马上以短信的形式告知给您。|prompt_wav/shenhu_prompt.wav|再见！|客服人员以轻松友好的语调，音高略带愉悦，再次清晰地发出“再见”，为本次高效愉快的服务画上句号。
002_000000_000000|嗯非常抱歉给您带来麻烦了先那这样我这边马上安排骑手给您尽快配送嗯骑手接单情况下我会马上以短信的形式告知给您。|prompt_wav/shenhu_prompt.wav|您好，这里是中国银行紧急挂失专线。请问有什么可以帮您？|一位客服人员以清晰、标准且带有专业敬意的声音，语速适中地进行了开场问候。她的语调平稳，清晰地表明了服务专线的身份，并礼貌地询问用户的需求。
002_000000_000001|先不打扰您了，祝您生活愉快，再见。|prompt_wav/meituan_prompt.wav|你好！我的银行卡刚才在商场好像丢了，现在想赶紧挂失，怕钱被取走！|用户以略显急促的语速和略微上扬的语调，清晰地表达了卡片丢失的紧急情况。他的言语中流露出明显的焦急和对资金安全的担忧，语气中带着一丝恳切。
002_000000_000002|嗯非常抱歉给您带来麻烦了先那这样我这边马上安排骑手给您尽快配送嗯骑手接单情况下我会马上以短信的形式告知给您。|prompt_wav/shenhu_prompt.wav|请您先别着急，我会立刻为您处理。为了确保账户安全，请告诉我您的姓名和身份证号可以吗？|客服人员以沉着且略带安抚的语调，语速平稳地回应用户。她的声音清晰而专业，旨在缓解用户的焦虑，并以礼貌但坚定的方式引导用户提供关键信息，确保后续流程的顺畅。
002_000000_000003|先不打扰您了，祝您生活愉快，再见。|prompt_wav/meituan_prompt.wav|我叫王大为，身份证号是110105199001014358。|用户的声音恢复平稳，语速适中，清晰而直接地报出自己的姓名和身份证号。他的语气中透露出对客服指导的配合，专注且配合地进行信息提供。
002_000000_000004|嗯非常抱歉给您带来麻烦了先那这样我这边马上安排骑手给您尽快配送嗯骑手接单情况下我会马上以短信的形式告知给您。|prompt_wav/shenhu_prompt.wav|好的，王先生，身份信息已记录。请问您是要挂失名下所有的卡片，还是指定其中一张呢？|客服人员以清晰且效率的语调，语速平稳地确认了客户信息，随后以开放式的疑问句引导客户做出选择。她的声音专业而富有条理，展现了处理业务的熟练度。
002_000000_000005|先不打扰您了，祝您生活愉快，再见。|prompt_wav/meituan_prompt.wav|就那张尾号是6688的工资卡，其他的应该还在家。|用户语速平稳，用简洁明了的语言指定了需要挂失的银行卡，并补充说明了其他卡片的状况。他的语气趋于平静，显示出思路清晰。
002_000000_000006|嗯非常抱歉给您带来麻烦了先那这样我这边马上安排骑手给您尽快配送嗯骑手接单情况下我会马上以短信的形式告知给您。|prompt_wav/shenhu_prompt.wav|收到。正在为您查询尾号6688的借记卡状态……系统显示该卡目前状态正常。请问您最后一次使用这张卡是什么时候？|客服人员以清晰有力的声音确认信息，随后语速稍缓，营造出短暂的查询过程，然后以平稳的语调告知了意外的查询结果。她紧接着以标准且略带探究的语气，提出了关键的追问。
002_000000_000007|先不打扰您了，祝您生活愉快，再见。|prompt_wav/meituan_prompt.wav|就在半小时前，我在瑞幸咖啡刷过一次。|用户语速适中，以非常明确且不带迟疑的语气，清晰地回忆并陈述了卡片的最新使用情况。他的声音听起来很肯定，提供了直接的答案。
002_000000_000008|嗯非常抱歉给您带来麻烦了先那这样我这边马上安排骑手给您尽快配送嗯骑手接单情况下我会马上以短信的形式告知给您。|prompt_wav/shenhu_prompt.wav|明白了。王先生，现在为您办理“口头挂失”，挂失后该卡将无法进行任何取现、转账和消费。您确定现在执行挂失吗？|客服人员以清晰的音质和肯定的语气，确认了对情况的理解。她语速稍缓，条理分明地解释了“口头挂失”的具体影响，并以严肃而专业的语调再次向客户确认操作意愿。
002_000000_000009|先不打扰您了，祝您生活愉快，再见。|prompt_wav/meituan_prompt.wav|确定的，赶紧挂上吧。|用户以干脆利落的语气，毫不犹豫地表达了确定的意愿。他的语速略有加快，言语中透着一股催促的急切感，希望立即完成挂失。
002_000000_000010|嗯非常抱歉给您带来麻烦了先那这样我这边马上安排骑手给您尽快配送嗯骑手接单情况下我会马上以短信的形式告知给您。|prompt_wav/shenhu_prompt.wav|好的，操作成功。该卡已进入临时挂失状态。为了万无一失，您需要设置一个5位的临时挂失指令码吗？或者直接通过短信验证码确认？|客服人员以清晰且带有肯定意味的语调，语速平稳地告知操作成功，并简要说明了卡片状态。接着，她以严谨而专业的语气，为客户提供了两种额外的安全验证方式，语调在提出选择时略有停顿。
002_000000_000011|先不打扰您了，祝您生活愉快，再见。|prompt_wav/meituan_prompt.wav|用短信验证码吧，我已经收到验证码了，是558822。|用户语速平稳，以直接而清晰的语气做出了选择，并立即告知已收到的验证码。他的声音听起来果断且配合，显示出对流程的熟知和积极参与。
002_000000_000012|嗯非常抱歉给您带来麻烦了先那这样我这边马上安排骑手给您尽快配送嗯骑手接单情况下我会马上以短信的形式告知给您。|prompt_wav/shenhu_prompt.wav|验证通过。王先生，您的尾号6688银行卡已正式挂失。这张卡之后如果您找回来了，可以带上身份证去网点解挂；如果找不到了，需要办理补卡。|客服人员以清晰有力的声音确认验证成功，并以庄重而明确的语气宣布银行卡已正式挂失。随后，她语速稍缓，条理清晰地向客户解释了卡片找回或遗失后的两种处理方案，语气中带着耐心和专业的指引。
002_000000_000013|先不打扰您了，祝您生活愉快，再见。|prompt_wav/meituan_prompt.wav|哦好的，那补卡的话，卡号会变吗？我这卡绑定了很多自动扣款。|用户以一声轻柔的应答开始，随即语速略微放缓，带着一丝考虑和询问的语气，提出了关于补卡卡号是否会改变的新疑问。他的声音中透露出对未来操作便利性的担忧。
002_000000_000014|嗯非常抱歉给您带来麻烦了先那这样我这边马上安排骑手给您尽快配送嗯骑手接单情况下我会马上以短信的形式告知给您。|prompt_wav/shenhu_prompt.wav|补卡通常会换新卡号，但您可以申请“同号补卡”，周期大约是7个工作日。如果您急用，现场补新号卡是立等可取的。您看哪种方便？|客服人员以清晰流畅的表达，语速适中地解释了补卡可能遇到的情况，并提供了“同号补卡”和“现场补新卡”两种具体且差异化的解决方案。她的声音专业而富有耐心，旨在帮助客户权衡利弊并做出最合适的选择。
002_000000_000015|先不打扰您了，祝您生活愉快，再见。|prompt_wav/meituan_prompt.wav|那我还是去网点办同号补领吧。对了，我这卡里还有不少余额，挂失了肯定安全了吧？|用户以果断的语气做出了补卡选择，随后语调略微一转，似乎想起了新的疑问。他以略带担忧的口吻，寻求客服关于卡片余额安全性的最终确认，声音中透着一丝未完全消散的焦虑。
002_000000_000016|嗯非常抱歉给您带来麻烦了先那这样我这边马上安排骑手给您尽快配送嗯骑手接单情况下我会马上以短信的形式告知给您。|prompt_wav/shenhu_prompt.wav|请放心，挂失即刻生效，资金已经冻结，任何人无法动用。另外建议您检查一下手机银行或第三方支付的绑定情况，确保环境安全。|客服人员以极其肯定和安抚的语调，清晰而有力地回应了用户的担忧，明确告知资金已绝对安全。随后，她以专业的口吻，主动提出了额外的安全防范建议，语气中充满了负责和周到。
002_000000_000017|先不打扰您了，祝您生活愉快，再见。|prompt_wav/meituan_prompt.wav|好的，谢谢你啊，办理得挺快的。|用户以轻松而真诚的语气表达了感谢和满意，声音中带着明显的释然。他赞扬了办理效率，语气显得亲切而友好。
002_000000_000018|嗯非常抱歉给您带来麻烦了先那这样我这边马上安排骑手给您尽快配送嗯骑手接单情况下我会马上以短信的形式告知给您。|prompt_wav/shenhu_prompt.wav|不客气，这是我应该做的。请问还有其他业务需要我帮您处理吗？|客服人员以温和而专业的语调回应了客户的感谢，语气谦逊，并以标准的职业礼仪再次询问客户是否需要其他帮助。她的声音始终保持着清晰和耐心。
002_000001_000000|先不打扰您了，祝您生活愉快，再见。|prompt_wav/meituan_prompt.wav|你好，我银行卡丢了，想问一下怎么补办？|一位用户以清晰的普通话开口提问，语速平稳，语调中性略带一丝询问的急切。他直接陈述了问题，旨在寻求补办银行卡的方法。
002_000001_000001|嗯非常抱歉给您带来麻烦了先那这样我这边马上安排骑手给您尽快配送嗯骑手接单情况下我会马上以短信的形式告知给您。|prompt_wav/shenhu_prompt.wav|您好，请先别着急。为了保障您的资金安全，建议您先告诉我您的姓名和身份证后四位，我为您核实卡片状态并立即办理挂失，挂失成功后我再为您介绍补办流程，好吗？|客服人员以清晰、略带安抚的语调回应，语速平稳且语调温和。她首先表达了对用户的理解，随后以专业而有条理的方式，逐步说明了保障资金安全和后续办理流程的初步步骤，并在结尾以柔和的疑问语气征求用户的同意。
002_000001_000002|先不打扰您了，祝您生活愉快，再见。|prompt_wav/meituan_prompt.wav|好的，我叫王小明，身份证后四位是1234，我已经自己通过手机银行挂失过了。|用户以清晰、直接的语气确认并提供了所需信息。他的语速适中，在陈述自己已完成挂失操作时，语调略有上扬，透露出一种已提前处理、较为从容的状态。
002_000001_000003|嗯非常抱歉给您带来麻烦了先那这样我这边马上安排骑手给您尽快配送嗯骑手接单情况下我会马上以短信的形式告知给您。|prompt_wav/shenhu_prompt.wav|明白，看到您已经办理了临时挂失，操作非常及时。请问您是想保留原卡号补办，还是换一个新卡号呢？|客服人员以肯定的语气回应用户的提前操作，语调中带着赞许和理解。随后，她以清晰平稳的语速，向用户详细解释了两种补办方式，并在疑问句末尾以温和的询问语调征求用户的偏好。
002_000001_000004|先不打扰您了，祝您生活愉快，再见。|prompt_wav/meituan_prompt.wav|这两种有什么区别吗？补办要多久？|用户以简洁明了的提问方式，直接寻求两种补办方式的具体区别，并立刻追问了办理所需的时间。他的语调直接，语速适中，体现出对效率和实用信息的关注。
002_000001_000005|嗯非常抱歉给您带来麻烦了先那这样我这边马上安排骑手给您尽快配送嗯骑手接单情况下我会马上以短信的形式告知给您。|prompt_wav/shenhu_prompt.wav|是这样的，换号补卡通常现场就能拿卡，非常快；如果要保留原卡号，我们需要专门定制并邮寄，大约需要5到7个工作日。您看哪种更方便？|客服人员以清晰流畅的表达，详细对比了两种补办方式的效率和时间成本。她的语速适中，语调平稳，在强调“换号补卡”的快捷性时可能略有突出，最后以带有引导性的询问语气，让用户自行选择。
002_000001_000006|先不打扰您了，祝您生活愉快，再见。|prompt_wav/meituan_prompt.wav|那我还是换个卡号吧，原来的号我也记不住。去网点办要带什么资料？|用户以清晰果断的语气做出了选择，并轻松地说明了原因。随后，他以直接的提问方式，询问办理所需的具体资料，显示出他已准备好进入实际操作阶段。
002_000001_000007|嗯非常抱歉给您带来麻烦了先那这样我这边马上安排骑手给您尽快配送嗯骑手接单情况下我会马上以短信的形式告知给您。|prompt_wav/shenhu_prompt.wav|好的。办理换号补领，您本人只需要携带二代居民身份证原件，前往咱们银行任意一个营业网点就可以办理了。|客服人员以肯定的语气回应，随后以清晰、简洁的语速，专业而流畅地说明了办理换号补领所需携带的唯一证件和可办理的地点，语调中透露出明确的指引性。
002_000001_000008|先不打扰您了，祝您生活愉快，再见。|prompt_wav/meituan_prompt.wav|一定要本人去吗？我最近出差回不去，能让我老婆代办吗？|用户以略带焦急的疑问语气，询问是否必须本人亲自办理。他语速稍缓地解释了自己因出差无法亲临的困境，随后以带有试探和期盼的语调，询问能否由家人代办。
002_000001_000009|嗯非常抱歉给您带来麻烦了先那这样我这边马上安排骑手给您尽快配送嗯骑手接单情况下我会马上以短信的形式告知给您。|prompt_wav/shenhu_prompt.wav|非常抱歉，王先生。根据监管规定，银行卡补办涉及个人账户安全，必须由您本人持有效身份证件亲办，是不支持他人代办的。|客服人员以真诚而略带歉意的语气回应，语速适中。她随后以坚定且专业的语调，清晰阐明了银行卡补办必须本人亲办的监管规定及原因，语气不容置疑，展现出严谨的服务态度。
002_000001_000010|先不打扰您了，祝您生活愉快，再见。|prompt_wav/meituan_prompt.wav|那好吧。补办一张卡要收手续费吗？|用户以略显无奈但接受现实的语气说了句“那好吧”，语调稍沉。他随即以平稳的语速，直接转向下一个实际问题，询问补办卡片是否会收取费用。
002_000001_000011|嗯非常抱歉给您带来麻烦了先那这样我这边马上安排骑手给您尽快配送嗯骑手接单情况下我会马上以短信的形式告知给您。|prompt_wav/shenhu_prompt.wav|咱们行的普通借记卡补办通常会收取10元工本费。如果您是我们的金卡或白金卡客户，这笔费用是可以免除的。我查了一下，您的账户符合免收条件，您可以免费补办。|客服人员先以清晰专业的语速解释了普通卡片的收费规定。随后，她以略带提示的语气引入免收条件，并在查证后，以一种略带惊喜和肯定的语调告知用户符合免费补办的资格，语速适中，语气非常友好。
002_000001_000012|先不打扰您了，祝您生活愉快，再见。|prompt_wav/meituan_prompt.wav|那还挺好。我补了新卡以后，之前绑定的微信、支付宝还有房贷扣款还要重新设置吗？|用户以轻松上扬的语调表达了满意。随后，他以一种略带思索的语气，语速稍缓地提出了一个连贯的问题，询问新卡办理后，此前绑定的快捷支付和扣款业务是否需要重新设置，体现了周全的考虑。
002_000001_000013|嗯非常抱歉给您带来麻烦了先那这样我这边马上安排骑手给您尽快配送嗯骑手接单情况下我会马上以短信的形式告知给您。|prompt_wav/shenhu_prompt.wav|这个您放心。如果您办理的是换号补卡，大部分快捷支付是需要您手动重新绑定的；但如果您名下有房贷扣款，系统会自动关联到新卡，一般不需要您额外操作。|客服人员以温和安抚的语气开头，随后以清晰有条理的语速，详细区分了快捷支付和房贷扣款在新卡办理后的处理方式。她的语调专业且富有逻辑，旨在详细解答用户的疑问并消除其顾虑。
002_000001_000014|先不打扰您了，祝您生活愉快，再见。|prompt_wav/meituan_prompt.wav|之前卡里还有点零钱，补办后会自动转到新卡上吗？|用户以一种务实而略带关切的语气，直接询问原卡中的剩余资金是否会自动转移到新卡。他的语速适中，问题简洁明了，体现了对资金安全的关注。
002_000001_000015|嗯非常抱歉给您带来麻烦了先那这样我这边马上安排骑手给您尽快配送嗯骑手接单情况下我会马上以短信的形式告知给您。|prompt_wav/shenhu_prompt.wav|是的，原卡里的资金、理财产品和积分都会实时转移到您的新卡账户中，不会受到任何影响。|客服人员以肯定且充满信心的语调直接回答“是的”，随后以清晰流畅的语速，全面地列举了原卡所有资产（包括资金、理财产品和积分）将实时转移到新卡的信息，并强调“不会受到任何影响”，语气坚定而令人安心。
002_000001_000016|先不打扰您了，祝您生活愉快，再见。|prompt_wav/meituan_prompt.wav|明白了。你们网点几点关门？我怕赶不过去。|用户以平稳的语调表达了理解。随后，他语速略有加快，带着一丝时间上的顾虑，直接询问网点的关门时间，流露出对行程安排的担忧。
002_000001_000017|嗯非常抱歉给您带来麻烦了先那这样我这边马上安排骑手给您尽快配送嗯骑手接单情况下我会马上以短信的形式告知给您。|prompt_wav/shenhu_prompt.wav|我们大部分网点是下午5点停止营业。为了帮您节省时间，我可以现在为您查询距离您最近的网点，并帮您预约一个具体时段，您看可以吗？|客服人员先以清晰平稳的语速告知了常规的营业时间，随后语调转为更为主动和体贴。她以一种询问的语气，提出了为用户查询最近网点并进行预约的建议，语速适中，语气非常友好且充满服务意识。
002_000001_000018|先不打扰您了，祝您生活愉快，再见。|prompt_wav/meituan_prompt.wav|可以，帮我查一下附近有没有开门的网点。|用户以肯定且带有赞许的语气回应“可以”，语调略微上扬。随后，他以平稳的语速，直接且明确地提出了查询附近营业网点的具体需求。
002_000001_000019|嗯非常抱歉给您带来麻烦了先那这样我这边马上安排骑手给您尽快配送嗯骑手接单情况下我会马上以短信的形式告知给您。|prompt_wav/shenhu_prompt.wav|没问题，正在为您定位。目前离您1.5公里处的南京路支行正在营业，排队人数较少。我已经为您预留了预约号，稍后会把地址短信发到您手机上，请注意查收。|客服人员以快速而肯定的语气回应“没问题”，随即以高效的语速，提供了实时的定位结果和营业网点信息，包括排队情况。她进一步以专业而周到的语调，告知已成功预留预约号，并详细说明后续会通过短信发送地址，语气自信且服务流程清晰。
002_000002_000000|先不打扰您了，祝您生活愉快，再见。|prompt_wav/meituan_prompt.wav|喂，你好！我刚才在淘宝买东西，用你们银行卡付钱一直提示“系统繁忙”，试了好几次都不行，怎么回事啊？|一位用户以略显急促的语速，带着一丝焦急和困惑，清晰地陈述了自己在购物支付时遇到的“系统繁忙”问题。她的声音可能略显紧张，语调在疑问句末尾有所上扬，急切地寻求客服的解释。
002_000002_000001|嗯非常抱歉给您带来麻烦了先那这样我这边马上安排骑手给您尽快配送嗯骑手接单情况下我会马上以短信的形式告知给您。|prompt_wav/shenhu_prompt.wav|您好，非常理解您现在焦急的心情。请您先别担心，我这就为您查询一下。为了保障您的账户安全，请问是您本人实名持有的卡片吗？|客服人员以柔和而专业的语调回应，声音沉稳且富有同情心，旨在安抚用户焦急的情绪。她语速适中，咬字清晰，在确认用户心境后，以一种承上启下的方式，自然地过渡到必要的安全信息核实环节。
002_000002_000002|先不打扰您了，祝您生活愉快，再见。|prompt_wav/meituan_prompt.wav|对，是我本人的，尾号是8822的那张。|用户以直接且肯定的语气回应，语速适中，音高平稳，明确确认了银行卡为其本人持有，并提供了关键信息。她的声音听起来比之前稍显放松，但依然保持着解决问题的期待。
002_000002_000003|嗯非常抱歉给您带来麻烦了先那这样我这边马上安排骑手给您尽快配送嗯骑手接单情况下我会马上以短信的形式告知给您。|prompt_wav/shenhu_prompt.wav|好的，账户信息已确认。我刚刚系统核查了一下，您的卡片状态目前是正常的，没有被锁定。请问您刚才支付时，手机有没有收到扣款失败的提示短信？|客服人员的声音清晰且带有肯定性，语速平稳，首先告知用户账户状态正常，以消除部分疑虑。随后，她以一种探询的语调提出新的问题，旨在收集更多细节以精准定位问题原因，展现出专业而有条不紊的服务态度。
002_000002_000004|先不打扰您了，祝您生活愉快，再见。|prompt_wav/meituan_prompt.wav|没有短信，就是支付页面转圈圈，然后弹出一个对话框说“系统繁忙，请稍后再试”。|用户以一种生动而略带无奈的语气，描述了支付失败的具体界面表现，尤其强调了“转圈圈”和系统提示。她的语速适中，声音清晰，虽然没有明显情绪波动，但言语中透露出对支付过程受阻的烦恼。
002_000002_000005|嗯非常抱歉给您带来麻烦了先那这样我这边马上安排骑手给您尽快配送嗯骑手接单情况下我会马上以短信的形式告知给您。|prompt_wav/shenhu_prompt.wav|明白了。这种情况通常有三个可能的原因：一是支付平台的单日限额到了，二是网络波动导致数据丢包，三是银行系统后台正在维护。请问您今天一共消费了多少金额？|客服人员以沉稳且富有条理的声音，清晰地列举了支付失败的常见三种可能原因，语速略缓，旨在向用户提供清晰的诊断方向。随后，她以一种探究性的语调提出关键问题，以便进一步筛选和排除故障。
002_000002_000006|先不打扰您了，祝您生活愉快，再见。|prompt_wav/meituan_prompt.wav|今天没怎么买东西，就这笔三千块钱。以前都能付，今天突然就不行了。|用户以直接且略带困惑的语气回答了客服的问题，语速平稳。随后，她补充说明了过去支付的顺利和此次的异常，声音中流露出一丝不解与烦恼，强调了问题的突发性。
002_000002_000007|嗯非常抱歉给您带来麻烦了先那这样我这边马上安排骑手给您尽快配送嗯骑手接单情况下我会马上以短信的形式告知给您。|prompt_wav/shenhu_prompt.wav|收到。根据您描述的情况，建议您先尝试切换一下网络环境，比如把 Wi-Fi 关掉换成 5G 信号。另外，您可以尝试在支付时手动修改一下支付方式，先取消勾选，再重新选择我们这张卡试试。|客服人员以清晰而富有指导性的声音，语速适中，向用户提供了两个具体的尝试性解决方案。她的语气专业而耐心，通过逐步说明操作步骤，旨在引导用户进行初步排查，声音中透露出积极解决问题的态度。
002_000002_000008|先不打扰您了，祝您生活愉快，再见。|prompt_wav/meituan_prompt.wav|我换成流量试过了，还是提示系统繁忙。会不会是你们银行系统坏了啊？|用户以略带烦躁和质疑的语气，急切地反馈了尝试结果，并直接提出了对银行系统故障的猜测。她的语速可能略有加快，音高在疑问句末尾明显抬升，言语中透露出因问题未解决而产生的焦虑与不满。
002_000002_000009|嗯非常抱歉给您带来麻烦了先那这样我这边马上安排骑手给您尽快配送嗯骑手接单情况下我会马上以短信的形式告知给您。|prompt_wav/shenhu_prompt.wav|确实给您带来不便了。目前我行主机系统运行平稳，暂未收到大规模故障反馈。不过，有时第三方支付平台与银行的接口通讯会有瞬时延迟。您可以尝试进入我行手机银行 App，看能不能正常登录并查询余额？|客服人员以沉着而富有理解力的声音，语速平稳，首先表达了歉意并澄清银行系统正常运行。她接着以解释性的语气，提出第三方接口可能存在的瞬时延迟，随后引导用户尝试登录手机银行，语气专业且富有逻辑，旨在排除更多可能性。
002_000002_000010|先不打扰您了，祝您生活愉快，再见。|prompt_wav/meituan_prompt.wav|手机银行我能进去，余额也够。就是买东西付不了款，挺急的。|用户以直接明了的语气，语速适中，反馈了手机银行操作正常的诊断结果，但随即又带着一丝焦急和强调，重申了支付功能受阻的困境，她的声音中透露出对当前僵局的不满和对解决问题的迫切期待。
002_000002_000011|嗯非常抱歉给您带来麻烦了先那这样我这边马上安排骑手给您尽快配送嗯骑手接单情况下我会马上以短信的形式告知给您。|prompt_wav/shenhu_prompt.wav|既然手机银行能正常操作，说明您的账户通讯是通畅的。建议您尝试“解绑再重绑”的操作：在购物平台上解绑这张银行卡，重新进行实名身份验证后再绑定。这通常能解决 90% 以上的“系统繁忙”逻辑错误。|客服人员以一种专业且充满信心的语调，语速平稳而清晰，对用户提供的信息进行了逻辑分析，并迅速提出一个被验证高效的“解绑再重绑”解决方案。她的声音坚定有力，详细阐述了操作步骤及其高成功率，以期打消用户的顾虑。
002_000002_000012|先不打扰您了，祝您生活愉快，再见。|prompt_wav/meituan_prompt.wav|这么麻烦啊？那行吧，我先按你说的解绑试试。如果还是不行怎么办？|用户以一声略带抱怨的疑问句，表达了对操作复杂性的犹豫，但随即语气转为妥协和尝试的意愿，声音中流露出一丝无奈。她语速适中，紧接着又带着一丝不安，询问了备用方案，显露出对问题能否彻底解决的持续担忧。
002_000002_000013|嗯非常抱歉给您带来麻烦了先那这样我这边马上安排骑手给您尽快配送嗯骑手接单情况下我会马上以短信的形式告知给您。|prompt_wav/shenhu_prompt.wav|好的，辛苦您尝试一下。如果重新绑定后依然提示繁忙，您可以尝试分两笔小额进行支付，或者等待 15 分钟后再操作，避开当前的访问高峰。我会为您记录一个服务工单，如果一小时后还无法解决，您可以直接拨打回访电话找我。|客服人员以极其耐心且周到的语气回应，声音清晰、语速适中，首先鼓励用户进行尝试。随后，她详细列举了多种备用解决方案，并主动提出建立服务工单和提供回访途径，展现出高度的责任感和专业性，旨在彻底打消用户顾虑并提供全程支持。
002_000002_000014|先不打扰您了，祝您生活愉快，再见。|prompt_wav/meituan_prompt.wav|行，那先这样，我先去试试解绑，谢谢了。|用户以一种轻松而肯定的语气，语速适中，明确表示接受并采纳了客服的建议。她的声音显得较为放松，并在结束时由衷地表达了感谢，预示着此次对话的阶段性完成。
002_000002_000015|嗯非常抱歉给您带来麻烦了先那这样我这边马上安排骑手给您尽快配送嗯骑手接单情况下我会马上以短信的形式告知给您。|prompt_wav/shenhu_prompt.wav|不客气，这是我应该做的。感谢您的理解与支持，祝您购物愉快，再见！|客服人员以清晰且充满礼貌的结语回应，语速适中，声音温暖而专业。她谦逊地表示这是职责所在，并向用户表达感谢，最后以愉快而真诚的祝福结束了本次服务，展现出完美的专业素养。
002_000003_000000|先不打扰您了，祝您生活愉快，再见。|prompt_wav/meituan_prompt.wav|喂！你们银行怎么回事？我刚收到短信说扣了50块钱，但我人在家里坐着，根本没买东西啊！|一位用户以略显急促和高亢的语调，带着明显的愤怒和不解，质问银行。她的声音可能因情绪激动而略显紧张，语速较快，连续的问句和感叹号透露出强烈的不满和要求解释的急切。
002_000003_000001|嗯非常抱歉给您带来麻烦了先那这样我这边马上安排骑手给您尽快配送嗯骑手接单情况下我会马上以短信的形式告知给您。|prompt_wav/shenhu_prompt.wav|您好，请您先别着急，非常理解您看到账务变动时的疑虑。我立刻为您查询这笔资金的去向，请问您收到的扣款短信，尾号是您名下哪张卡的呢？|一位客服人员以清晰、柔和且专业的音色回应，语速适中，语调平稳。她首先安抚用户的激动情绪，表达理解，然后以一种承上启下的提问方式，引导用户提供关键信息，语气中充满耐心和解决问题的积极态度。
002_000003_000002|先不打扰您了，祝您生活愉快，再见。|prompt_wav/meituan_prompt.wav|就是尾号0521的那张工资卡，短信刚发过来，说是“快捷支付”扣的，你们是不是搞错了？|用户略带不满地确认了信息，语速仍保持较快，音调比初始时稍降，但疑问句的尾音仍带有一丝质问和不确定。她的声音清晰，透露出对扣款原因的持续怀疑和一丝急切。
002_000003_000003|嗯非常抱歉给您带来麻烦了先那这样我这边马上安排骑手给您尽快配送嗯骑手接单情况下我会马上以短信的形式告知给您。|prompt_wav/shenhu_prompt.wav|收到。为了保护您的账户安全，我已为您开启了安全验证。系统显示这笔50元的支出确实发生在两分钟前。请问您的这张卡近期有没有绑定过视频会员或者外卖平台的“自动续费”功能？|客服人员简短地确认收到信息，随即以专业而沉稳的语速，清晰地陈述了系统查询到的事实，并主动采取了保护措施。她接着以引导式的疑问，将用户的注意力引向可能的自动续费原因，语调平和且富有条理。
002_000003_000004|先不打扰您了，祝您生活愉快，再见。|prompt_wav/meituan_prompt.wav|续费？我不记得办过啊。50块钱虽然不多，但莫名其妙扣钱也太吓人了，是不是被盗刷了？|用户带着一丝困惑和不确定，语速略有放缓，在提及“不记得办过”时语气略显迟疑。随后她的声音又略微抬高，以一种惊恐又怀疑的语气表达了对“被盗刷”的担忧，语气中充满了不安。
002_000003_000005|嗯非常抱歉给您带来麻烦了先那这样我这边马上安排骑手给您尽快配送嗯骑手接单情况下我会马上以短信的形式告知给您。|prompt_wav/shenhu_prompt.wav|我非常明白您的担心。通过系统深度查询，这笔扣款的商户名称显示为“爱奇艺影视传媒”。这通常对应的是视频网站的年度或月度会员自动扣费。您最近是否有领取过“首月1元”之类的优惠活动？|客服人员以柔和而坚定的声音再次表达理解，语速保持沉稳。她清晰有力地披露了具体的商户名称，并结合经验解释了扣款的常见原因，随后以一种启发式的提问，试图帮助用户回忆起相关情境，语气专业且富有引导性。
002_000003_000006|先不打扰您了，祝您生活愉快，再见。|prompt_wav/meituan_prompt.wav|噢……好像上个月为了看个电视剧，试用过一个会员，但我就用了那一次，怎么现在还扣我钱？|用户在“噢……”一声中，语速明显放缓，声音略带拖长，显示出恍然大悟的迟疑。随后，她的语速又变得略快，音调略微抬高，带着不解和一丝委屈，质问为何只使用一次却被持续扣费。
002_000003_000007|嗯非常抱歉给您带来麻烦了先那这样我这边马上安排骑手给您尽快配送嗯骑手接单情况下我会马上以短信的形式告知给您。|prompt_wav/shenhu_prompt.wav|原来是这样。很多平台的优惠活动都会默认开启“到期自动续费”。因为您没有在试用期结束前手动关闭，所以到了新账期，平台就会通过银行卡的快捷支付接口自动发起扣款。|客服人员以一种豁然开朗的语气开始，语速适中，咬字清晰。她耐心且有条理地解释了自动续费的普遍机制，并指出了用户被扣款的具体原因，语气专业且具有教育性，旨在消除用户的疑虑。
002_000003_000008|先不打扰您了，祝您生活愉快，再见。|prompt_wav/meituan_prompt.wav|那这属于强买强卖啊！我都没同意，你们银行怎么就随随便便让人家把钱扣走了呢？|用户情绪再次激动，语速加快，音高明显抬升，用强烈的感叹语气指责这是“强买强卖”。她以一种充满不平和质疑的口吻，将责任转向银行，语气中带着强烈的质问和不满。
002_000003_000009|嗯非常抱歉给您带来麻烦了先那这样我这边马上安排骑手给您尽快配送嗯骑手接单情况下我会马上以短信的形式告知给您。|prompt_wav/shenhu_prompt.wav|非常抱歉给您带来了困扰。作为发卡行，我们是根据您之前在第三方平台签署的“委托扣款协议”执行的指令。不过请放心，如果您确实不再需要这个服务，我可以教您如何操作。|客服人员以诚恳的歉意开始，语速舒缓，语调沉稳。她随后清晰地阐明了银行的职责和操作依据，语气专业且不失耐心。接着，她迅速转向提供解决方案，以一种安抚且积极的语调，承诺帮助用户解决问题，体现出专业和负责。
002_000003_000010|先不打扰您了，祝您生活愉快，再见。|prompt_wav/meituan_prompt.wav|那你快告诉我怎么弄，这钱还能退回来吗？|用户情绪略显急切，语速加快，以一种催促且充满期待的语气询问具体操作方法。她的声音清晰，略带一丝焦虑地询问款项是否可以退回。
002_000003_000011|嗯非常抱歉给您带来麻烦了先那这样我这边马上安排骑手给您尽快配送嗯骑手接单情况下我会马上以短信的形式告知给您。|prompt_wav/shenhu_prompt.wav|关于退费，建议您第一时间联系该视频平台的在线客服，说明是误续费，通常在未使用会员权益的情况下，是有机会申诉退回的。同时，为了防止下个月再扣，您现在可以在微信或支付宝的“支付设置”里，找到“扣款服务”并关闭它。|客服人员以清晰、有条理的语速，详细地指导用户如何进行退费申诉和关闭自动续费功能。她的声音专业且富有指导性，语调平稳，在讲解关键步骤时节奏略有放缓，确保用户能理解并顺利操作。
002_000003_000012|先不打扰您了，祝您生活愉快，再见。|prompt_wav/meituan_prompt.wav|行吧，那我先去平台找找看。以后这种扣款，你们银行能不能先问我一下啊？|用户带着一丝无奈地接受了客服的建议，语气略显平缓但仍带有一丝疲惫。她随后以一种试探性的、略带抱怨的语气，提出了对银行未来处理类似扣款的期望，声音中流露出一丝未完全消散的不满。
002_000003_000013|嗯非常抱歉给您带来麻烦了先那这样我这边马上安排骑手给您尽快配送嗯骑手接单情况下我会马上以短信的形式告知给您。|prompt_wav/shenhu_prompt.wav|您的建议非常中肯。为了更稳妥，建议您在我行手机银行 App 里开启“小额免密支付限额设置”，或者针对该商户设置交易锁，这样每一笔扣款都会更有保障。|客服人员以肯定且专业的语气，认可了用户的建议。她随后语速舒缓，清晰地向用户推荐了更主动的银行安全设置选项，声音沉稳有力，旨在提供更全面的账户保障，语气中充满关怀与指导。
002_000003_000014|先不打扰您了，祝您生活愉快，再见。|prompt_wav/meituan_prompt.wav|好，我知道了。刚才态度不太好，主要是被吓到了。|用户以一种缓和的语气表示理解，语速明显放慢，音调也随之降低。她真诚地为自己之前的态度道歉，并解释了情绪激动的原因，声音中透露出一点点内疚和释然。
002_000003_000015|嗯非常抱歉给您带来麻烦了先那这样我这边马上安排骑手给您尽快配送嗯骑手接单情况下我会马上以短信的形式告知给您。|prompt_wav/shenhu_prompt.wav|完全理解，换做是我也会第一时间核实的。如果您在操作关闭续费时遇到困难，随时拨打我们热线。请问还有其他账务问题需要我帮您核对吗？|客服人员以温暖而富有同理心的语气，完全理解了用户的情绪，并主动提供了后续支持的承诺。她的声音柔和，语速适中，随后以礼貌而专业的提问，确认是否还有其他可以协助的问题，展现出细致周到的服务态度。
002_000003_000016|先不打扰您了，祝您生活愉快，再见。|prompt_wav/meituan_prompt.wav|没有了，解释清楚就行，挂了。|用户以简洁明了的语气回应，语速稍快，带着一丝解脱和满意。她的声音平静而肯定，表示问题已解决，并直接结束了对话。
002_000003_000017|嗯非常抱歉给您带来麻烦了先那这样我这边马上安排骑手给您尽快配送嗯骑手接单情况下我会马上以短信的形式告知给您。|prompt_wav/shenhu_prompt.wav|好的，感谢您的理解。请您务必通过正规渠道联系平台退费，谨防诈骗。祝您生活愉快，再见。|客服人员以温和而专业的语气回应，感谢用户的理解。她随后以一种慎重且关切的语调，再次提醒用户注意防范诈骗，语速略微放缓，强调了重要信息。最后，她以标准的祝福语结束通话，声音清晰，态度亲切。
002_000004_000000|嗯非常抱歉给您带来麻烦了先那这样我这边马上安排骑手给您尽快配送嗯骑手接单情况下我会马上以短信的形式告知给您。|prompt_wav/shenhu_prompt.wav|您好，请问是张先生吗？我是中国银行信用卡中心的客户经理，姓王。今天致电给您，是看到您在我行的综合评分非常优秀，特地邀请您办理我行的“白金系列”高端信用卡。|一位客服人员以清晰、标准普通话开场，语速适中，音高平稳。她首先礼貌地询问并确认客户身份，随后以专业而有条理的语气，向用户介绍了本次致电的目的和所推荐的高端信用卡，语调中带着恰到好处的正式感和邀请意味。
002_000004_000001|先不打扰您了，祝您生活愉快，再见。|prompt_wav/meituan_prompt.wav|信用卡啊？我已经有好几张了，暂时不需要，谢谢。|用户声音略带一丝疑问，语速稍缓地重复了“信用卡”一词，随后以一种平静而礼貌的语气，明确表示自己已有卡片，目前没有需求，语调中透着一丝客气的疏离。
002_000004_000002|嗯非常抱歉给您带来麻烦了先那这样我这边马上安排骑手给您尽快配送嗯骑手接单情况下我会马上以短信的形式告知给您。|prompt_wav/shenhu_prompt.wav|非常理解。现在的信用卡确实很普及，不过我为您推荐的这一张，主要针对的是我行的优质老客户。它最大的特点是终身免年费，没有任何持卡压力，而且现在新开卡还赠送价值300元的精美拉杆箱，纯粹是回馈给您的福利。|客服人员以柔和而理解的语气回应用户的顾虑，语速保持适中，清晰地承接了用户的话题。随后，她的语调略微上扬，语气变得更具引导性，着重强调了所推荐卡片的独特优势，试图激发用户的兴趣。
002_000004_000003|先不打扰您了，祝您生活愉快，再见。|prompt_wav/meituan_prompt.wav|免年费？有什么套路吗？是不是得刷够多少次才免？|用户对“免年费”一词表现出明显的疑问，语气中带着一丝谨慎和探究。他语速略快地抛出质疑，直接询问是否有“套路”，展现出对条款细节的关注和防备心理。
002_000004_000004|嗯非常抱歉给您带来麻烦了先那这样我这边马上安排骑手给您尽快配送嗯骑手接单情况下我会马上以短信的形式告知给您。|prompt_wav/shenhu_prompt.wav|您放心，这款卡片是我们行针对特定优质客户推出的权益升级卡。系统已经为您核准了“白金级”额度，并且直接在后台为您备注了终身免年费，不需要您额外负担任何费用。|客服人员以坚定而自信的语调迅速回应用户的疑虑，语速平稳且咬字清晰。她专业地解释了卡片的性质，并通过强调“系统已核准”、“后台备注”等信息，消除了用户的顾虑，语气中充满专业的说服力。
002_000004_000005|先不打扰您了，祝您生活愉快，再见。|prompt_wav/meituan_prompt.wav|那额度一般能给多少？太低了我也没用。|用户将关注点转向信用额度，以一种直截了当的提问方式表达了他的核心需求。他的语气略显严肃，直言“太低了也没用”，透露出对实际使用价值的考量。
002_000004_000006|嗯非常抱歉给您带来麻烦了先那这样我这边马上安排骑手给您尽快配送嗯骑手接单情况下我会马上以短信的形式告知给您。|prompt_wav/shenhu_prompt.wav|具体的信用额度是根据您的综合资信情况来定的。由于您在我行的流水和信誉一直表现良好，预计起始额度在5万元起步，最高可以达到20万元。您可以把它作为一个备用金库，随借随还，非常灵活。|客服人员以清晰流畅的语速，专业地解释了额度的核定标准，并特别强调了用户在我行的良好记录。她随后给出了具体的额度范围，语调中带着一种鼓励和诱导，将卡片描绘成一个“备用金库”，听起来颇具吸引力。
002_000004_000007|先不打扰您了，祝您生活愉快，再见。|prompt_wav/meituan_prompt.wav|积分呢？以前办的卡积分都没啥用，全是兑换那种没用的东西。|用户带着对过往经验的不满，语气略显抱怨地询问积分兑换情况。他直言过去的积分“没啥用”，语调中透着一丝对传统积分制度的失望和期待变革的心理。
002_000004_000008|嗯非常抱歉给您带来麻烦了先那这样我这边马上安排骑手给您尽快配送嗯骑手接单情况下我会马上以短信的形式告知给您。|prompt_wav/shenhu_prompt.wav|这一点您可以完全放心。我们现在的积分商城已经全面升级了，支持1积分兑换视频会员，或者直接兑换加油卡、话费。现在的比例非常划算，几乎相当于消费即返现，比传统的礼品兑换要实用得多。|客服人员立即以充满自信和热情的语气回应用户对积分的顾虑，语速略有加快。她详细而清晰地介绍了升级后的积分商城及其具体且实用的兑换选项，通过强调“非常划算”和“消费即返现”，成功地化解了用户的疑虑，语气中充满说服力。
002_000004_000009|先不打扰您了，祝您生活愉快，再见。|prompt_wav/meituan_prompt.wav|听着还行，但我最近没时间去柜台办，挺麻烦的。|用户对客服的介绍表现出初步的认可，轻声说出“听着还行”，语调中带着一丝松动。然而，他紧接着又以略带困扰的语气提出办理流程上的顾虑，透露出时间不便和怕麻烦的心理。
002_000004_000010|嗯非常抱歉给您带来麻烦了先那这样我这边马上安排骑手给您尽快配送嗯骑手接单情况下我会马上以短信的形式告知给您。|prompt_wav/shenhu_prompt.wav|现在不需要您跑柜台。为了节省您的时间，我们可以安排专人上门为您办理，或者我给您发送一个官方的专属申领链接，您在线上填个信息，快的话3分钟就能完成申请，卡片直接邮寄到家。|客服人员迅速而有力地打消了用户对办理流程的顾虑，语速变得更加流畅和肯定。她列举了两种极其便捷的办理方式，并强调了线上办理的快速高效，语气中充满了为客户着想的周到和积极促成的意图。
002_000004_000011|先不打扰您了，祝您生活愉快，再见。|prompt_wav/meituan_prompt.wav|办这个卡会影响我的征信查询次数吗？|用户再次提出一个关键性的、关乎个人征信的疑问，语气严肃且直接。他清晰地询问办卡是否会影响征信查询次数，显示出其对个人信用记录的重视和谨慎。
002_000004_000012|嗯非常抱歉给您带来麻烦了先那这样我这边马上安排骑手给您尽快配送嗯骑手接单情况下我会马上以短信的形式告知给您。|prompt_wav/shenhu_prompt.wav|正常的信用卡申请属于“个人授信申请”类查询。只要您保持按时还款的良好习惯，拥有一张高额度的白金卡，反而有助于丰富您的个人资信档案，对您未来办理房贷、车贷都有正向的帮助。|客服人员以专业而详尽的口吻，耐心解释了信用卡申请对征信查询的影响，语速适中且吐字清晰。她进一步将拥有高额度白金卡的好处与未来的房贷、车贷联系起来，语气中充满权威性和正向引导。
002_000004_000013|先不打扰您了，祝您生活愉快，再见。|prompt_wav/meituan_prompt.wav|行吧，那你把链接发给我看看。|用户在经过一番询问和权衡后，最终以一种略带放松的语气说出“行吧”，表示接受并同意继续。他随即便清晰地提出发送链接的要求，语调中透露出最终的决定和行动力。
002_000004_000014|嗯非常抱歉给您带来麻烦了先那这样我这边马上安排骑手给您尽快配送嗯骑手接单情况下我会马上以短信的形式告知给您。|prompt_wav/shenhu_prompt.wav|好的，稍后我会通过我行官方服务号95000给您发送短信，请注意查收。链接里会有详细的权益介绍和申请流程。建议您现在就可以点开操作，避免错过本次首刷礼的领取时效。|客服人员以积极且有条不紊的语调回应用户，迅速确认了下一步的操作。她详细告知了链接发送的方式，并友好地提醒用户关注首刷礼的领取时效，语气中带着一丝推动和关切，确保用户能及时行动。
002_000004_000015|先不打扰您了，祝您生活愉快，再见。|prompt_wav/meituan_prompt.wav|好的，我看下。|用户以简短而干脆的“好的，我看下”回应客服，语气平静，表明他已接收到信息并将按指示操作。
002_000004_000016|嗯非常抱歉给您带来麻烦了先那这样我这边马上安排骑手给您尽快配送嗯骑手接单情况下我会马上以短信的形式告知给您。|prompt_wav/shenhu_prompt.wav|没问题。如果您在申请过程中遇到任何操作问题，可以随时拨打我的办公分机。感谢您的接听，祝您生活愉快，再见。|客服人员以清晰且充满关怀的语气为对话画上句号，她再次确认无虞，并主动提供了后续支持联系方式。最后，她以标准而亲切的祝语结束通话，展现了专业的服务态度和良好的职业素养。
002_000005_000000|嗯非常抱歉给您带来麻烦了先那这样我这边马上安排骑手给您尽快配送嗯骑手接单情况下我会马上以短信的形式告知给您。|prompt_wav/shenhu_prompt.wav|您好，请问是张先生吗？我是中国银行的客户经理，我姓李。今天致电给您，主要是因为您在我行的信用记录非常优秀，系统为您预授信了一笔额度，想跟您同步一下。|一位客服人员以标准普通话，用清晰、略带柔和的声音进行开场。她的语速适中，语调平稳，以专业而礼貌的语气表明致电目的，同时不失推销的意图。
002_000005_000001|先不打扰您了，祝您生活愉快，再见。|prompt_wav/meituan_prompt.wav|我现在正忙，不需要贷款，谢谢。|用户以一种略带忙碌和不耐的语气回应，语速稍快，音调略低，直接而礼貌地表达了拒绝，意图迅速结束对话。
002_000005_000002|嗯非常抱歉给您带来麻烦了先那这样我这边马上安排骑手给您尽快配送嗯骑手接单情况下我会马上以短信的形式告知给您。|prompt_wav/shenhu_prompt.wav|明白，耽误您一分钟时间。这笔额度是基于您在我行的流水自动生成的纯信用额度，不需要任何抵押和担保。即便您现在暂时不用，额度也可以先保留着，以备不时之需。|客服迅速捕捉到用户的不耐，以一种理解但坚定的语气回应，语速略有加快。她清晰地阐述了产品的核心优势，试图挽留用户，语调中透露出专业的说服力。
002_000005_000003|先不打扰您了，祝您生活愉快，再见。|prompt_wav/meituan_prompt.wav|额度有多少？利率大概是多少？|用户语气发生转变，声音变得中性而带有一丝探询。他以平稳的语速，直接抛出两个关键问题，表明了对贷款产生了初步的兴趣。
002_000005_000004|嗯非常抱歉给您带来麻烦了先那这样我这边马上安排骑手给您尽快配送嗯骑手接单情况下我会马上以短信的形式告知给您。|prompt_wav/shenhu_prompt.wav|根据系统测算，您最高可以申请到30万的额度。年化利率目前针对优质客户有专属优惠，低至3.5%起。这个利率在目前的市场上是非常有竞争力的，而且是按天计息，随借随还。|客服用清晰、自信的声音，以略快的语速详细解答了用户的问题。她的语调中带着明显的推销热情，强调了高额度、低利率和灵活还款的竞争优势。
002_000005_000005|先不打扰您了，祝您生活愉快，再见。|prompt_wav/meituan_prompt.wav|你们这利率是真的还是虚的？最后算下来手续费是不是很高？|用户语气中带着明显的怀疑和审慎，语速稍缓，语调偏低。他直接质疑了利率的真实性，并表达了对手续费的担忧，声音中透出一种谨慎的探究。
002_000005_000006|嗯非常抱歉给您带来麻烦了先那这样我这边马上安排骑手给您尽快配送嗯骑手接单情况下我会马上以短信的形式告知给您。|prompt_wav/shenhu_prompt.wav|请您放心，我们是正规银行直营，所有的收费项目都是公开透明的。除了合同约定的利息之外，没有任何管理费、手续费或者提前还款违约金。借款1万块钱，一天的利息还不到1块钱。|客服以一种令人安心的、专业而坚定的语气，清晰地消除了用户的疑虑。她语速平稳，字字句句都充满了诚恳的解释和保证，并通过具体数字强化了透明度。
002_000005_000007|先不打扰您了，祝您生活愉快，再见。|prompt_wav/meituan_prompt.wav|那我申请的话是不是得去银行网点排队办事？太麻烦了。|用户语气中透露出对传统办理流程的厌烦和迟疑，语速略缓。他以一种略带抱怨的疑问句式，表达了对线下排队的抗拒，但仍保持着对便捷性的期待。
002_000005_000008|嗯非常抱歉给您带来麻烦了先那这样我这边马上安排骑手给您尽快配送嗯骑手接单情况下我会马上以短信的形式告知给您。|prompt_wav/shenhu_prompt.wav|完全不需要。这是一款全线上操作的产品，您只需要在我们的官方手机银行APP上，通过身份认证和人脸识别，最快3分钟就能出结果。资金是实时划转到您的借记卡账户的。|客服语气变得轻快而充满肯定，以“完全不需要”的斩钉截铁回应打消用户顾虑。她语速稍快，清晰而流畅地描述了全线上、快速便捷的申请流程，强调了高效和即时到账的优势。
002_000005_000009|先不打扰您了，祝您生活愉快，再见。|prompt_wav/meituan_prompt.wav|30万是不是太少了？我最近正打算装修，可能不够。|用户语气变得更为直接，带着一丝对更高额度的期待。他以一种询问但略显不满的语调，表达了30万可能不足以满足装修需求，声音中透出对实际资金的考量。
002_000005_000010|嗯非常抱歉给您带来麻烦了先那这样我这边马上安排骑手给您尽快配送嗯骑手接单情况下我会马上以短信的形式告知给您。|prompt_wav/shenhu_prompt.wav|如果您有更高的资金需求，我们可以为您转为线下精英贷审批模式，那个额度最高可以到100万。不过线上这30万您可以先拿着，作为装修款的补充，操作也灵活。|客服以灵活且富有策略性的语气回应，语速适中，语调平稳。她首先提供了更高额度的解决方案，随后又巧妙地建议用户先利用当前的线上额度，展现了专业的引导和服务意识。
002_000005_000011|先不打扰您了，祝您生活愉快，再见。|prompt_wav/meituan_prompt.wav|我前两天刚接了一个你们行的电话，怎么又打过来了？|用户语气中带着一丝疑惑和轻微的不满，语调略微上扬。他直接提出了对重复来电的质疑，声音中透露出被打扰的些许不快。
002_000005_000012|嗯非常抱歉给您带来麻烦了先那这样我这边马上安排骑手给您尽快配送嗯骑手接单情况下我会马上以短信的形式告知给您。|prompt_wav/shenhu_prompt.wav|实在抱歉，可能由于您的信用评级最近有所提升，系统再次将您列入了白名单。为了不干扰您的生活，如果您暂时确实不需要，我可以在系统里帮您标注一下，近期就不再致电打扰了。|客服以一种真诚而歉疚的语气致歉，语速放缓。她巧妙地将重复致电的原因归结为用户的信用提升，并主动提出解决方案，声音中充满了理解和专业的服务意识。
002_000005_000013|先不打扰您了，祝您生活愉快，再见。|prompt_wav/meituan_prompt.wav|那行吧，你把申请的那个手机银行的操作流程发给我看看。|用户语气趋于平稳，带着一种最终被说服的妥协与接受。他以直接的口吻，要求客服发送具体操作流程，显示出准备尝试的意愿。
002_000005_000014|嗯非常抱歉给您带来麻烦了先那这样我这边马上安排骑手给您尽快配送嗯骑手接单情况下我会马上以短信的形式告知给您。|prompt_wav/shenhu_prompt.wav|没问题，稍后我会通过我行官方服务短信，为您发送具体的申请路径和操作指引。您可以直接点击短信里的官方链接，或者登录手机银行首页找到“信用贷款”板块。|客服以快速而肯定的语气回应，语速适中，语调清晰。她详细告知了信息发送方式和获取途径，确保用户能够顺利找到申请入口，展现出高效的服务态度。
002_000005_000015|先不打扰您了，祝您生活愉快，再见。|prompt_wav/meituan_prompt.wav|好的，我先看看，有需要再说。|用户以一种略带保留但已接受的语气，平稳地回应。他表示会先了解情况，并为未来的决定留有余地，语气中透着审慎和自主性。
002_000005_000016|嗯非常抱歉给您带来麻烦了先那这样我这边马上安排骑手给您尽快配送嗯骑手接单情况下我会马上以短信的形式告知给您。|prompt_wav/shenhu_prompt.wav|好的张先生，感谢您的认可。最后提醒您，请务必通过官方渠道操作，不要相信任何陌生链接。稍后如果您在申请过程中有任何疑问，可以随时拨打我的办公直拨电话。祝您生活愉快，再见。|客服以一种专业而周全的语气结束通话，语速适中。她先是对用户表示感谢，随后以郑重而清晰的语调强调了安全操作的重要性，并提供了后续支持方式，最后以真诚的祝福画上句号。
003_000000_000000|先不打扰您了，祝您生活愉快，再见。|prompt_wav/meituan_prompt.wav|喂，你好，我出车祸了，撞得挺严重的，现在人在医院，想问下怎么报案？|一位男性用户声音略显疲惫和焦急，语速稍快。他以一种急切寻求帮助的语气，简要陈述了自己遭遇严重车祸并身处医院的紧急情况，字里行间透露出受伤后的虚弱和对报案流程的迷茫。
003_000000_000001|嗯非常抱歉给您带来麻烦了先那这样我这边马上安排骑手给您尽快配送嗯骑手接单情况下我会马上以短信的形式告知给您。|prompt_wav/shenhu_prompt.wav|您好，听到这个消息我很遗憾，请您先别着急。请问您现在身体状况还好吗？是否已经脱离危险并报过警了？|一位客服人员以清晰、沉稳的声音回应，语速适中，语调柔和且富有同情。她用标准普通话首先表达了歉意和安抚，随后以一种专业而关切的语气，平稳地询问用户目前的身体状况和报警进展，旨在稳定用户情绪并获取关键信息。
003_000000_000002|先不打扰您了，祝您生活愉快，再见。|prompt_wav/meituan_prompt.wav|我腿骨折了，正在挂点滴。警察来过了，责任认定书还没出，但我车上一个朋友伤得很重，送去抢救没挺过来……|用户的声音变得低沉且略带沙哑，语速明显放缓，在描述朋友不幸离世时，语气充满了难以言喻的悲痛和沉重。他先是简要说明了自己的伤情和报警情况，随后用一种近乎呢喃、充满打击的语调，艰难地告知了这起事故中最令人心碎的消息。
003_000000_000003|嗯非常抱歉给您带来麻烦了先那这样我这边马上安排骑手给您尽快配送嗯骑手接单情况下我会马上以短信的形式告知给您。|prompt_wav/shenhu_prompt.wav|真的非常抱歉听到这个不幸的消息，请您和家属节哀。 既然警察已经出警，请您先安心配合医院治疗。我现在立刻为您开启理赔绿色通道，请问您的身份证号或车牌号是多少？|客服人员的声音保持沉稳和专业，语气中带着更为深切的歉意和慰问。她在表达哀悼后，立即以一种积极主动、高效解决问题的态度，清晰有力地告知用户安心治疗并已为其开启理赔绿色通道，随后以标准而直接的提问获取关键信息，展现出专业且富有同理心的服务。
003_000000_000004|先不打扰您了，祝您生活愉快，再见。|prompt_wav/meituan_prompt.wav|车牌是 沪A·88866，我叫张三。|用户以一种疲惫但配合的语气，清晰而直接地报出了车牌号和姓名。他的声音听起来比之前略微平静，语速适中，不再有之前的急切或沉重感，更偏向于陈述事实。
003_000000_000005|嗯非常抱歉给您带来麻烦了先那这样我这边马上安排骑手给您尽快配送嗯骑手接单情况下我会马上以短信的形式告知给您。|prompt_wav/shenhu_prompt.wav|好的，张先生，系统已查到您的保单。 您这辆车投保了交强险、商业三者险以及车上人员责任险。为了后续理赔，请问事故发生的具体时间和地点您还记得吗？|客服人员的声音保持清晰和专业，语速适中且富有条理。她以一种信息传递为主的语调，首先确认了用户的保单信息并列举了投保险种，随后平稳而自然地过渡到下一步的关键信息询问，引导理赔流程继续。
003_000000_000006|先不打扰您了，祝您生活愉快，再见。|prompt_wav/meituan_prompt.wav|就在今天下午两点左右，在中山路和人民路交叉口。|用户以一种平静、陈述事实的语气，清晰地回答了事故的具体时间和地点。他的语速平稳，声音听起来虽然仍带有一丝疲惫，但已经完全专注于配合信息收集。
003_000000_000007|嗯非常抱歉给您带来麻烦了先那这样我这边马上安排骑手给您尽快配送嗯骑手接单情况下我会马上以短信的形式告知给您。|prompt_wav/shenhu_prompt.wav|收到，信息已录入。 关于您朋友身故的赔偿，我们需要您后续提供死亡证明和户籍注销证明；您本人的骨折住院，请保留好所有的门诊病历、住院发票和费用清单。|客服人员以清晰、专业的语调确认信息录入，随后语速略有加快，但吐字依旧清晰有力。她用一种条理分明、指导性强的语气，细致地向用户说明了后续理赔所需的各项证明和单据，确保用户清楚了解下一步的准备工作。
003_000000_000008|先不打扰您了，祝您生活愉快，再见。|prompt_wav/meituan_prompt.wav|好的，那我现在需要给保险公司传什么照片吗？车还在交警队扣着。|用户以一种务实、略带询问的语气回应，语速适中。他结合车辆现状，提出关于照片上传的具体操作疑问，声音听起来比较平静，显示出对理赔流程的积极关注和配合。
003_000000_000009|嗯非常抱歉给您带来麻烦了先那这样我这边马上安排骑手给您尽快配送嗯骑手接单情况下我会马上以短信的形式告知给您。|prompt_wav/shenhu_prompt.wav|暂时不需要您亲自去拍照。 鉴于事故涉及人员伤亡，我们会指派专门的理赔专员去交警队定损并去医院探视您，您只要安心养伤就好。|客服人员的声音柔和而坚定，语速舒缓，以一种充满安抚和专业承诺的语气回应。她清晰地告知用户无需亲自处理，并说明会指派专员代为跟进，最终用一句“您只要安心养伤就好”彻底打消用户的顾虑，体现出极强的同理心和高效的办事能力。
003_000000_000010|先不打扰您了，祝您生活愉快，再见。|prompt_wav/meituan_prompt.wav|那理赔款大概什么时候能下来？我这住院费挺贵的。|用户的声音中流露出一丝对经济压力的担忧，语速适中，直接询问理赔款的到账时间。他的语气略显急切，强调了高昂的住院费用，体现了在事故发生后对现实经济负担的关注。
003_000000_000011|嗯非常抱歉给您带来麻烦了先那这样我这边马上安排骑手给您尽快配送嗯骑手接单情况下我会马上以短信的形式告知给您。|prompt_wav/shenhu_prompt.wav|我非常理解您的经济压力。 对于这类重大事故，我们可以申请“预付赔款”，您可以先将已有的医疗单据通过我们APP上传，审核通过后我们会先行垫付一部分医药费。|客服人员以一种高度理解和积极解决问题的语气回应，声音沉稳而富有力量。她首先表达了对用户经济压力的共情，随后清晰、条理分明地介绍了“预付赔款”这一解决方案，并详细说明了操作流程，语速适中，旨在缓解用户的燃眉之急。
003_000000_000012|先不打扰您了，祝您生活愉快，再见。|prompt_wav/meituan_prompt.wav|那太好了，APP上怎么操作？我不太会弄。|用户的语气中流露出明显的如释重负和喜悦，语速略有加快。他带着感激和期盼，随即又坦诚地表达了对APP操作的不熟悉，并主动寻求具体的指导，声音显得轻松而依赖。
003_000000_000013|嗯非常抱歉给您带来麻烦了先那这样我这边马上安排骑手给您尽快配送嗯骑手接单情况下我会马上以短信的形式告知给您。|prompt_wav/shenhu_prompt.wav|没关系，稍后我会给您发送一条短信。 里面包含理赔专员的联系方式和操作指引链接，稍后专员也会主动给您打电话，手把手教您通过手机上传资料。|客服人员以温柔且充满耐心的语调，清晰地向用户保证会提供全方位的帮助。她语速平稳，详尽地说明了即将发送短信、提供指引链接，并有专员主动联系并“手把手”教学的后续服务，旨在彻底消除用户在操作上的顾虑，声音充满关怀与支持。
003_000000_000014|先不打扰您了，祝您生活愉快，再见。|prompt_wav/meituan_prompt.wav|行，那先这样，谢谢你啊。|用户以一种放松而真诚的语气，语速适中，表达了对当前安排的接受和对客服人员的感谢。他的声音听起来已经完全卸下了之前的焦虑和压力，显得平静而满足。
003_000000_000015|嗯非常抱歉给您带来麻烦了先那这样我这边马上安排骑手给您尽快配送嗯骑手接单情况下我会马上以短信的形式告知给您。|prompt_wav/shenhu_prompt.wav|这是我应该做的。 报案号是 202603251596，请您保重身体，后续有任何疑问随时拨打我们热线，祝您早日康复。|客服人员以温和而专业的语调回应，语速平稳，首先谦逊地回应了用户的感谢。她清晰地告知了报案号这一关键信息，随后以一种真诚关怀的语气，叮嘱用户保重身体，并提供了后续咨询途径，最后送上温暖的康复祝福，为整个服务划上了圆满句号。
003_000001_000000|先不打扰您了，祝您生活愉快，再见。|prompt_wav/meituan_prompt.wav|喂？我刚才看了一下我的保单电子版，发现你们业务员当时跟我讲的完全不对！这根本就是骗人，我要投诉！|一位用户以略显急促和愤怒的语气开口，音高较高，语速较快。她清晰有力地表达了对保单内容与业务员介绍不符的强烈不满，语气中充满被欺骗后的愤慨和提出投诉的决心。
003_000001_000001|嗯非常抱歉给您带来麻烦了先那这样我这边马上安排骑手给您尽快配送嗯骑手接单情况下我会马上以短信的形式告知给您。|prompt_wav/shenhu_prompt.wav|您好，非常理解您现在焦急的心情。我是工号018的服务顾问，请您先别着急，我会全程负责处理您反映的问题。请问具体是哪方面的条款让您觉得和业务员介绍的不符呢？|一位客服人员以清晰、专业且带有安抚性的语调回应，语速适中，音高平稳。她首先表达了对用户情绪的理解，并以沉着、负责的姿态介绍自己，随后通过一个引导性问题，试图将对话引向具体问题的解决。
003_000001_000002|先不打扰您了，祝您生活愉快，再见。|prompt_wav/meituan_prompt.wav|当时他说这是一款理财产品，一年存五万，存够三年就能随时取，利息比银行高多了。结果我现在看合同，这明明是份终身寿险，要是现在取钱还要扣我好几万的手续费！|用户以略带激动的语速和语调，详细描述了业务员对其产品的误导性介绍。她在对比业务员承诺与实际合同条款时，音高有所抬升，尤其在提及高额手续费时，语气中充满了难以置信和对潜在损失的强烈不满。
003_000001_000003|嗯非常抱歉给您带来麻烦了先那这样我这边马上安排骑手给您尽快配送嗯骑手接单情况下我会马上以短信的形式告知给您。|prompt_wav/shenhu_prompt.wav|我明白您的意思了，您反映的是业务员在销售过程中存在夸大收益以及未如实告知退保损失的情况，对吗？这对您来说确实是非常关键的信息，我们需要立刻为您核实。|客服人员以清晰且略带思索的语调，对用户反映的问题进行了专业性的归纳总结，并礼貌地寻求确认。她的声音沉稳，语速适中，通过强调信息的重要性并承诺立刻核实，进一步安抚了用户情绪，展现出解决问题的决心。
003_000001_000004|先不打扰您了，祝您生活愉快，再见。|prompt_wav/meituan_prompt.wav|对！就是这个意思！他说得天花乱坠的，根本没提“保险”两个字，也没说有风险。我现在就要退钱，一分钱手续费都不能扣！|用户以更加坚定和略显激动的语气，再次确认了客服的理解，并补充了业务员刻意隐瞒产品性质和风险的关键细节。她的语速较快，音高随情绪加快，强烈表达了立即全额退款、不接受任何手续费的坚决立场。
003_000001_000005|嗯非常抱歉给您带来麻烦了先那这样我这边马上安排骑手给您尽快配送嗯骑手接单情况下我会马上以短信的形式告知给您。|prompt_wav/shenhu_prompt.wav|您的诉求我已经记录下来了。为了保障您的权益，请问您在购买时是否留存了相关的聊天记录、宣传折页，或者是当时的通话录音等证据？这些对于我们认定销售误导非常重要。|客服人员以专业且富有条理的语调，告知用户其诉求已被记录。随后，她语速平稳，音高适中，清晰而礼貌地询问用户是否留存了相关证据，并解释了这些证据在认定销售误导中的关键作用，旨在引导用户配合调查。
003_000001_000006|先不打扰您了，祝您生活愉快，再见。|prompt_wav/meituan_prompt.wav|我哪有录音啊？我就是信任他才买的。但我不管，你们公司必须给我个交代，不然我就去监管部门告你们！|用户以略显无奈和激愤的语气回应，表达了缺乏录音证据的困境，并强调了因信任而购买的背景。她的语速随情绪加快，音高有所提高，语气从抱怨转为强硬的施压，明确表示无论如何都要公司给出交代，并以向监管部门投诉作为威胁。
003_000001_000007|嗯非常抱歉给您带来麻烦了先那这样我这边马上安排骑手给您尽快配送嗯骑手接单情况下我会马上以短信的形式告知给您。|prompt_wav/shenhu_prompt.wav|请您放心，即便没有录音，我们也会调取当时的双录视频以及回访记录进行内部核查。如果是由于业务员违规销售导致的误导，公司一定会严肃处理，并维护您的合法权益。|客服人员以沉着且坚定的语调，再次安抚用户，明确表示即便没有用户提供的录音，公司仍会调取内部“双录”视频和回访记录进行核查。她语速适中，音质清晰，语气中充满了专业性和承诺，强调公司将严肃处理违规行为并维护用户的合法权益。
003_000001_000008|先不打扰您了，祝您生活愉快，再见。|prompt_wav/meituan_prompt.wav|那要查多久？我这五万块钱可是急用的。你们动作快一点，别想拖延时间。|用户以略带不耐烦和催促的语气追问调查所需时间，音高略微上扬。她强调了资金的紧急用途，并在言语中透露出对公司可能拖延时间的警惕和不满，语速显得急切而带有催促意味。
003_000001_000009|嗯非常抱歉给您带来麻烦了先那这样我这边马上安排骑手给您尽快配送嗯骑手接单情况下我会马上以短信的形式告知给您。|prompt_wav/shenhu_prompt.wav|正常情况下，我们会在3个工作日内给您初步的核查反馈。如果情况复杂，最长也不会超过15日。在调查期间，建议您先不要在手机上操作退保，以免产生实际的退保损失。|客服人员以清晰且富有条理的语调，详细告知了用户调查反馈的预计时间范围，语速平稳，音高适中。她随后以一种专业且带有警示意味的语气，建议用户在调查期间避免自行操作退保，以防止产生不必要的经济损失，体现了对用户利益的考量。
003_000001_000010|先不打扰您了，祝您生活愉快，再见。|prompt_wav/meituan_prompt.wav|行，那我就等你们电话。但我把话撩在这，要是查出来的结果还是让我亏钱，我肯定不答应。|用户以一种带着一丝不情愿但又坚定的语气，表示会等待公司的电话。她的语速适中，音高平稳但略有强调，以一种“把话撂在这”的强硬姿态，明确声明如果调查结果导致自身经济损失，她将绝对不会接受，语气中透露出对结果的高度关注和不妥协的决心。
003_000001_000011|嗯非常抱歉给您带来麻烦了先那这样我这边马上安排骑手给您尽快配送嗯骑手接单情况下我会马上以短信的形式告知给您。|prompt_wav/shenhu_prompt.wav|我非常理解。目前您的保单正处于犹豫期内，我们会客观公正地还原销售过程。请问您除了收益和取现问题，还有其他需要我记录的细节吗？|客服人员以温柔而理解的语调回应，并适时告知用户保单尚处于“犹豫期”这一关键信息，语气中透露出安抚和一丝转圜的可能。她以清晰平稳的语速，强调会客观公正地核查，并礼貌地询问是否还有其他需要记录的细节，展现出专业而细致的服务态度。
003_000001_000012|先不打扰您了，祝您生活愉快，再见。|prompt_wav/meituan_prompt.wav|暂时就这些。那个业务员现在还一直给我发短信，让我别找公司，说他能私下解决，我还能信他吗？|用户以一种略带迟疑和询问的语气，暂时结束了对保单细节的补充。她随即语速略微放缓，透露了一个新出现的、令人不安的情况——业务员试图私下解决，并在疑问句中流露出对业务员诚信的强烈怀疑和寻求指导的意图。
003_000001_000013|嗯非常抱歉给您带来麻烦了先那这样我这边马上安排骑手给您尽快配送嗯骑手接单情况下我会马上以短信的形式告知给您。|prompt_wav/shenhu_prompt.wav|建议您切勿开启私下交易。所有的投诉和退费流程必须通过公司官方渠道办理，这样才能确保资金安全。我会立刻联系该业务员的所属机构进行核实。|客服人员以坚定而带有警示性的语调，果断建议用户切勿进行私下交易。她的语速适中，音质清晰，强调所有流程必须通过官方渠道办理以保障资金安全，并在最后承诺会立刻联系业务员所属机构进行核实，语气中充满了专业、负责和保护用户利益的决心。
003_000001_000014|先不打扰您了，祝您生活愉快，再见。|prompt_wav/meituan_prompt.wav|好吧，那我等你们消息。你们工号是多少？我记一下，省得回头找不到人。|用户以略带妥协和谨慎的语气，接受了客服的建议，表示将等待公司的消息。她的语速平稳，音高适中，随后以一种务实而细致的态度询问客服工号，显示出对后续跟进的重视和提前规划，以确保能够再次联系到负责人。
003_000001_000015|嗯非常抱歉给您带来麻烦了先那这样我这边马上安排骑手给您尽快配送嗯骑手接单情况下我会马上以短信的形式告知给您。|prompt_wav/shenhu_prompt.wav|好的，我是工号018。您可以随时拨打我们客服热线转人工找我。后续我会通过95开头的官方电话回访您，请您留意接听。感谢您的反馈，再见。|客服人员以清晰且带有专业度的语调，再次报上自己的工号，并详细告知了用户后续的联系方式和回访安排。她的语速适中，音高平稳，用词礼貌而周全，最后以真诚的感谢和道别结束了本次通话，展现出良好的职业素养。
003_000002_000000|先不打扰您了，祝您生活愉快，再见。|prompt_wav/meituan_prompt.wav|喂，你好。我那个理赔都结案好几天了，怎么钱到现在还没打到我卡上啊？|一位用户以略带焦急和不满的语气开场，语速较快，音高略微抬升。她的声音清晰，但在提出问题时，带着明显的疑问和对延迟到账的不解与抱怨，透露出迫切希望得到解决方案的情绪。
003_000002_000001|嗯非常抱歉给您带来麻烦了先那这样我这边马上安排骑手给您尽快配送嗯骑手接单情况下我会马上以短信的形式告知给您。|prompt_wav/shenhu_prompt.wav|您好，非常理解您焦急的心情。请先别担心，我这就为您查询一下。请问您的保单号或者身份证号是多少？|客服人员以沉稳、柔和的音质回应，语速适中，语调平稳。她首先表达了对用户情绪的理解，随后以专业而有条理的语气进行安抚和询问，咬字清晰，展现出耐心和积极解决问题的态度。
003_000002_000002|先不打扰您了，祝您生活愉快，再见。|prompt_wav/meituan_prompt.wav|身份证号是341503184012147845，你们系统显示3号就结案了，今天都6号了。|用户在提供身份证号时语气平直，但随后语速稍加快，音高略有抬升，强调了系统结案日期与实际未到账之间的矛盾。她的言语中带着明显的质疑和进一步的催促，显示出持续的担忧和不耐烦。
003_000002_000003|嗯非常抱歉给您带来麻烦了先那这样我这边马上安排骑手给您尽快配送嗯骑手接单情况下我会马上以短信的形式告知给您。|prompt_wav/shenhu_prompt.wav|感谢您的配合，系统确实显示您的案件在3号已经完成了结案审批，理赔金额为5800元，状态是“已支付”。|客服人员以清晰、标准的普通话，语速平稳地确认了系统信息。她的语气专业而客观，中低音区，平铺直叙地陈述了结案日期、金额和已支付状态，旨在提供事实依据并缓解用户情绪。
003_000002_000004|先不打扰您了，祝您生活愉快，再见。|prompt_wav/meituan_prompt.wav|已支付？那我手机银行查不到这条记录啊，你们是不是转错账了？|用户听到“已支付”后，语气明显带着惊疑和强烈的不信，音高抬升。她语速加快，清晰地表达了个人查不到记录的困惑，并直接抛出“你们是不是转错账了？”的质疑，语气中充满了焦躁和猜测。
003_000002_000005|嗯非常抱歉给您带来麻烦了先那这样我这边马上安排骑手给您尽快配送嗯骑手接单情况下我会马上以短信的形式告知给您。|prompt_wav/shenhu_prompt.wav|您先别急，目前看系统录入的卡号后四位是6789，工商银行，这是您本人常用的卡吗？|客服人员以更为缓和、安抚的语调再次介入，声音柔和且充满耐心。她语速放慢，清晰地核对关键信息，通过一个平稳的疑问句来确认用户卡号，试图逐步排查问题，语气中透着专业和细致。
003_000002_000006|先不打扰您了，祝您生活愉快，再见。|prompt_wav/meituan_prompt.wav|卡号没错，就是这张。那为什么还没到账？你们保险公司效率也太慢了吧。|用户确认卡号后，语气急转为强烈不满和指责，语速明显加快，音高略有上扬。她清晰有力地表达了对未到账的不解，并直接批评保险公司效率低下，字里行间透露出极度的不耐烦和失望。
003_000002_000007|嗯非常抱歉给您带来麻烦了先那这样我这边马上安排骑手给您尽快配送嗯骑手接单情况下我会马上以短信的形式告知给您。|prompt_wav/shenhu_prompt.wav|真的很抱歉让您久等了。通常结案后，资金划拨需要经过银行间的结算系统。如果是跨行转账，一般会有1到3个工作日的处理时间。|客服人员以诚恳的歉意开场，语速略缓，声音温和。随后，她以清晰、条理分明的语调，专业而耐心地解释了银行间资金划拨的流程和可能的处理时间，旨在普及知识并争取用户的理解。
003_000002_000008|先不打扰您了，祝您生活愉快，再见。|prompt_wav/meituan_prompt.wav|今天就是第三个工作日了呀，还是没影儿，会不会是中间出什么问题了？|用户语气中带着明显的焦虑和疑问，语速略快，音高稍显紧张。她强调了时间已到第三个工作日，资金仍无影踪，并以带有担忧的语气询问是否出现了中间环节的问题，渴望得到确切的答案。
003_000002_000009|嗯非常抱歉给您带来麻烦了先那这样我这边马上安排骑手给您尽快配送嗯骑手接单情况下我会马上以短信的形式告知给您。|prompt_wav/shenhu_prompt.wav|这种现象确实不多见。有一种可能是银行端反馈“报送失败”，比如账号状态异常或者是开户行信息不匹配，但系统还没实时更新这个报错。|客服人员以冷静、专业的分析语气，语速适中，中低音区，清晰地解释了一种罕见但可能导致问题发生的银行端报错情况。她的描述严谨而具体，旨在为用户提供技术性解释，展现出专业素养。
003_000002_000010|先不打扰您了，祝您生活愉快，再见。|prompt_wav/meituan_prompt.wav|那现在怎么办？我急着用这笔钱交医药费呢。|用户语气骤然变得非常焦急和恳切，音高略高，语速加快。她直截了当地询问解决方案，并强调了这笔钱急用于支付医药费的个人困境，声音中流露出一种濒临绝望的恳求和迫切。
003_000002_000011|嗯非常抱歉给您带来麻烦了先那这样我这边马上安排骑手给您尽快配送嗯骑手接单情况下我会马上以短信的形式告知给您。|prompt_wav/shenhu_prompt.wav|明白您的难处。我现在立刻为您发起一个“财务支付状态复核”，联系后台财务同事核实这笔资金在银行侧的具体流向。|客服人员以坚定而充满同理心的语气回应，语速适中，音质清晰。她明确表示理解用户的难处，并立即提出了具体的、主动的解决方案，语气中透着果断和专业，旨在迅速缓解用户的焦虑情绪。
003_000002_000012|先不打扰您了，祝您生活愉快，再见。|prompt_wav/meituan_prompt.wav|核实要多久？别又让我等一个礼拜。|用户语气中带着明显的催促和不安，音高略有上扬，语速加快。她直接询问核实所需时间，并以略带抱怨和警告的语气，表达了对再次长时间等待的强烈抵触，反映出对效率的持续担忧。
003_000002_000013|嗯非常抱歉给您带来麻烦了先那这样我这边马上安排骑手给您尽快配送嗯骑手接单情况下我会马上以短信的形式告知给您。|prompt_wav/shenhu_prompt.wav|不需要那么久。我这边会为您备注加急，预计在今天下午5点前给您回复核实结果。如果确实是银行退票，我们会立刻联系您重新确认信息。|客服人员以自信、果断的语气进行安抚和承诺，语速平稳，中音区。她清晰地告知用户不会久等，并给出了明确的加急处理和回复时间，同时详细说明了后续措施，语调坚定而富有责任感。
003_000002_000014|先不打扰您了，祝您生活愉快，再见。|prompt_wav/meituan_prompt.wav|行吧，那你最好说到做到。如果没收到你电话，我还要再打过来的。|用户语气虽有所缓和，但仍带着一丝不信任和明确的警告，音质清晰，语速中等。她用“行吧”表达了勉强接受，随后以略带强制性的语气，要求客服说到做到，并表明了如若失约将再次联系的态度。
003_000002_000015|嗯非常抱歉给您带来麻烦了先那这样我这边马上安排骑手给您尽快配送嗯骑手接单情况下我会马上以短信的形式告知给您。|prompt_wav/shenhu_prompt.wav|请您放心，我会全程跟进您的这个单子。另外，也建议您稍后顺便拨打银行客服热线，确认下该卡片是否能正常接收外来汇款，以防卡片受限。|客服人员以非常专业和周全的语气，音质温和而坚定。她首先给予用户充分的承诺和保证，随后语速平稳，以一种积极建议的口吻，引导用户同步联系银行核实卡片状态，体现出细致入微的服务意识。
003_000002_000016|先不打扰您了，祝您生活愉快，再见。|prompt_wav/meituan_prompt.wav|好的，那我就等你们下午的回复了，希望别出差错。|用户语气转为平静，带着一丝对解决问题的希望，但又隐约透露出些许谨慎的担忧。她确认了等待回复的意愿，并以略带祈求的语气表示希望一切顺利，显示出情绪逐步趋于稳定。
003_000002_000017|嗯非常抱歉给您带来麻烦了先那这样我这边马上安排骑手给您尽快配送嗯骑手接单情况下我会马上以短信的形式告知给您。|prompt_wav/shenhu_prompt.wav|没问题，给您带来的不便再次深表歉意。请保持手机畅通，后续有任何进展我会第一时间通知您。|客服人员以沉稳且带歉意的语气，音质清晰，语速适中。她再次确认并致歉，随后以专业的指令式语气提醒用户保持手机畅通，并承诺会第一时间通知进展，展现出负责到底的服务态度。
003_000002_000018|先不打扰您了，祝您生活愉快，再见。|prompt_wav/meituan_prompt.wav|嗯，再见。|用户以简短的“嗯”和“再见”作为回应，语气平淡而直接，音高略低，语速较快。这表明对话即将结束，用户情绪趋于平静，但并未有太多言语上的停留或情绪波动。
003_000002_000019|嗯非常抱歉给您带来麻烦了先那这样我这边马上安排骑手给您尽快配送嗯骑手接单情况下我会马上以短信的形式告知给您。|prompt_wav/shenhu_prompt.wav|好的，感谢您的理解与支持，祝您生活愉快，再见。|客服人员以标准普通话，声音温和且带有轻微上扬的语调，语速平稳。她以专业且充满感谢的语气做最后的道别，并送上美好的祝愿，展现出良好的职业素养和对用户的尊重，为对话画上圆满句号。
003_000003_000000|嗯非常抱歉给您带来麻烦了先那这样我这边马上安排骑手给您尽快配送嗯骑手接单情况下我会马上以短信的形式告知给您。|prompt_wav/shenhu_prompt.wav|您好！我是您的保险管家，请问有什么可以帮您？|一位客服人员以清晰、标准且带有职业礼貌的开场白，语速平稳，音调柔和。她的声音干净利落，语气亲切而专业，旨在建立积极的沟通氛围并主动提供帮助。
003_000003_000001|先不打扰您了，祝您生活愉快，再见。|prompt_wav/meituan_prompt.wav|喂，你好。我想问一下，我最近要做个手术，保险公司能给报销多少钱啊？|一位用户以一声略显急切的“喂”开场，随即清晰地抛出问题，语速适中但语气中透露出对手术费用报销的直接关切和一丝担忧。她的音色可能略显平实，但表达意图明确。
003_000003_000002|嗯非常抱歉给您带来麻烦了先那这样我这边马上安排骑手给您尽快配送嗯骑手接单情况下我会马上以短信的形式告知给您。|prompt_wav/shenhu_prompt.wav|明白，您是想了解手术费用的理赔比例对吧？为了给您准确计算，我先帮您查一下，请问您是在哪座城市就医，购买的是哪款保险呢？|客服人员以理解并确认的语气回应，语速适中，音调平稳，展现出良好的专业素养。她先是复述用户的问题以示确认，随后清晰地提出了进一步查询所需的关键信息，节奏条理分明，旨在高效地为用户解决问题。
003_000003_000003|先不打扰您了，祝您生活愉快，再见。|prompt_wav/meituan_prompt.wav|我在上海，买的是你们那个百万医疗险，具体的名儿我给忘了。|用户以自然的语速提供着信息，在提及保险具体名称时，语气中带着一丝不确定和轻微的歉意。她的声音听起来平实而直接，但对细节的遗忘并未影响其清晰的表达意图。
003_000003_000004|嗯非常抱歉给您带来麻烦了先那这样我这边马上安排骑手给您尽快配送嗯骑手接单情况下我会马上以短信的形式告知给您。|prompt_wav/shenhu_prompt.wav|没关系的，上海的医疗资源很优质。我刚通过后台查到了，您名下有一份“尊享e生”百万医疗险。请问您这次准备做的是什么手术？是疾病导致的还是意外受伤呢？|客服人员用柔和且带安抚性的语气回应用户的健忘，语速略缓。她随即清晰地告知已查到具体险种信息，声音专业而肯定，并以引导式的提问进一步了解手术详情，语气连贯且富有条理。
003_000003_000005|先不打扰您了，祝您生活愉快，再见。|prompt_wav/meituan_prompt.wav|是因为胆结石，医生建议做个微创摘除。|用户以平静且直接的语气陈述了病因和医生建议的手术方式，语速自然，音调平稳。她的表达简洁明了，着重于提供关键事实。
003_000003_000006|嗯非常抱歉给您带来麻烦了先那这样我这边马上安排骑手给您尽快配送嗯骑手接单情况下我会马上以短信的形式告知给您。|prompt_wav/shenhu_prompt.wav|好的，胆结石微创属于常规择期手术。只要您是在公立医院普通部住院，报销比例通常是 100%。不过，这里有个“一万元免赔额”的小门槛，您了解吗？|客服人员以肯定且专业的语调确认信息，随即用清晰的咬字和适中的语速，详细解释了手术的报销规则。她在提及“一万元免赔额”时，语气略微放缓并带有提示性，最后以一个上扬的语调确认用户是否理解这一重要细节。
003_000003_000007|先不打扰您了，祝您生活愉快，再见。|prompt_wav/meituan_prompt.wav|这个我知道，就是得自己先掏一万块钱，剩下的才给报是吧？那我手术费要是花了两万，你们报多少？|用户以肯定的语气确认了对免赔额的理解，语速自然而流畅。她紧接着以一个略显急切的、具体化的假设情境，直接提出了核心疑问，音调在提问时略有上扬，展现出对实际报销金额的强烈关注。
003_000003_000008|嗯非常抱歉给您带来麻烦了先那这样我这边马上安排骑手给您尽快配送嗯骑手接单情况下我会马上以短信的形式告知给您。|prompt_wav/shenhu_prompt.wav|您理解得很到位！假设手术加上住院总费用是两万，且都在社保范围内，扣除一万免赔额后，剩下的那一万块钱，公司会全额报销。但如果您先用医保报了一部分，那医保报掉的钱是可以抵扣这一万免赔额的。|客服人员以带有肯定和赞许的语气，清晰有力地回应用户的理解。她随即用细致入微的语速和专业的腔调，逐步拆解了报销案例，尤其在解释医保抵扣免赔额时，语气略微强调并放缓，确保用户能充分理解这一关键条款。
003_000003_000009|先不打扰您了，祝您生活愉快，再见。|prompt_wav/meituan_prompt.wav|哦！那如果我没用医保，直接自费去结账，比例还是百分之百吗？|用户以一声略带恍然的“哦！”开启，语气中透露出新的思考，紧接着以直接的、疑问式的语调追问在特定情境下（未使用医保）的报销比例。她的语速适中，音调在疑问处略有抬升，表现出对细节的进一步探究。
003_000003_000010|嗯非常抱歉给您带来麻烦了先那这样我这边马上安排骑手给您尽快配送嗯骑手接单情况下我会马上以短信的形式告知给您。|prompt_wav/shenhu_prompt.wav|如果您投保时是有医保身份的，但理赔时没用医保直接结算，报销比例会从 100% 降到 60%。所以建议您结算时一定记得带上医保卡，这样报销最划算。|客服人员以清晰且略带严肃的语气，详细阐述了未用医保直接结算的后果，语速在关键数据处略有强调。她随后以一种极为肯定和建议的口吻，强调了使用医保卡的必要性，语气诚恳而专业，旨在为用户争取最大利益。
003_000003_000011|先不打扰您了，祝您生活愉快，再见。|prompt_wav/meituan_prompt.wav|明白了，那手术里用到的一些进口材料，或者是那种自费药，也能报吗？|用户以平静的语气表示理解，随后又提出了一个常见且重要的疑问，即进口材料和自费药品的报销问题。她的语速适中，音调平稳，在提问时带有一丝探究的谨慎，旨在全面了解保险覆盖范围。
003_000003_000012|嗯非常抱歉给您带来麻烦了先那这样我这边马上安排骑手给您尽快配送嗯骑手接单情况下我会马上以短信的形式告知给您。|prompt_wav/shenhu_prompt.wav|这正是百万医疗险的优势。只要是住院期间医生开具的必需且合理的药械，无论是国产还是进口，扣除免赔额后，都在报销范围内的。|客服人员以略带强调和肯定的语气，突出阐述了百万医疗险的核心优势，语速流畅而自信。她随即用清晰的言语详细解释了住院期间药械的报销范围，无论是国产还是进口，都包含在内，旨在彻底解答用户的疑问并增强其信心。
003_000003_000013|先不打扰您了，祝您生活愉快，再见。|prompt_wav/meituan_prompt.wav|那行，我知道了。那我现在手术还没做，需要先跟你们报案吗？|用户以一句“那行，我知道了”结束了前一个话题，语气中带着满意和理解。她随即转变重心，以一个实用的疑问，询问手术前是否需要提前报案，语速适中，音调平稳，旨在了解下一步的操作流程。
003_000003_000014|嗯非常抱歉给您带来麻烦了先那这样我这边马上安排骑手给您尽快配送嗯骑手接单情况下我会马上以短信的形式告知给您。|prompt_wav/shenhu_prompt.wav|现在的微创手术出院很快，您可以等出院拿到完整病历和发票后再通过手机APP一键报案上传资料。如果预计费用很高，您也可以现在拨打我们报案电话备案。需要我为您推送一份理赔所需的材料清单到您手机上吗？|客服人员以专业且体贴的语气，为用户提供了两种灵活的报案方案，语速清晰而从容。她详细解释了微创手术后的便捷报案流程，同时也考虑了特殊情况下的预先备案，并主动提出发送材料清单，语气中充满了周到和乐于助人的精神。
003_000003_000015|先不打扰您了，祝您生活愉快，再见。|prompt_wav/meituan_prompt.wav|太好了，你发给我吧，我先提前准备着，谢谢你啊。|用户以略带惊喜和感激的语气回应，语速显得轻快，音调也略微上扬。她随即肯定了客服的帮助，并表示会积极准备，最后以真诚的“谢谢你啊”表达了由衷的谢意，情感饱满而真挚。
003_000003_000016|嗯非常抱歉给您带来麻烦了先那这样我这边马上安排骑手给您尽快配送嗯骑手接单情况下我会马上以短信的形式告知给您。|prompt_wav/shenhu_prompt.wav|不客气，这是我应该做的。稍后清单会通过短信发给您，祝您手术顺利，早日康复！再见。|客服人员以温和而谦逊的语气回应了用户的感谢，语速平稳，声音柔和。她随后清晰地告知了清单的发送方式，并在对话结束时，以真诚祝愿的语调，表达了对手术顺利和早日康复的美好祝愿，最后以一句礼貌的“再见”结束了交流。
003_000004_000000|嗯非常抱歉给您带来麻烦了先那这样我这边马上安排骑手给您尽快配送嗯骑手接单情况下我会马上以短信的形式告知给您。|prompt_wav/shenhu_prompt.wav|您好，请问是王先生吗？这里是太平洋保险的车险服务中心，我姓李。|一位客服人员以标准普通话，清晰且富有礼貌的声音进行开场。她的语速适中，音高平稳，通过问候和自我介绍，建立起专业的服务氛围。
003_000004_000001|先不打扰您了，祝您生活愉快，再见。|prompt_wav/meituan_prompt.wav|是的，什么事？|用户以简短而直接的语气回应，先确认身份，随后以一种略带询问和一丝好奇的语调，清晰地表达了对通话目的的探询。
003_000004_000002|嗯非常抱歉给您带来麻烦了先那这样我这边马上安排骑手给您尽快配送嗯骑手接单情况下我会马上以短信的形式告知给您。|prompt_wav/shenhu_prompt.wav|是这样的，系统显示您的爱车尾号 001 的这份保险还有两个月到期，今天特意给您打个电话，是想根据去年的理赔情况和今年的费改政策，帮您做个续保方案的测算。|客服人员以清晰流畅的语速，用专业的口吻详细阐述了来电缘由。她的语调平稳，逻辑清晰，旨在向用户解释本次续保测算的背景和意义。
003_000004_000003|先不打扰您了，祝您生活愉快，再见。|prompt_wav/meituan_prompt.wav|哦，现在还早吧，到时候再说。|用户以一种略带迟疑和随意感的语气回应，先是轻轻的“哦”了一声表示理解，随后用轻松的语调提出现在为时过早，表现出将续保事宜延后的意图。
003_000004_000004|嗯非常抱歉给您带来麻烦了先那这样我这边马上安排骑手给您尽快配送嗯骑手接单情况下我会马上以短信的形式告知给您。|prompt_wav/shenhu_prompt.wav|您有这个想法我完全理解，不过今年由于保险监管政策的调整，提前测算不仅能锁定目前的商业险折扣，还能避免到时候临近到期手忙脚乱，耽误您正常用车。|客服人员先以理解且略带安抚的语气认同用户的想法，随后语调转向专业和建议性。她以清晰连贯的语速，耐心解释了提前测算的具体优势和推迟可能带来的不便，旨在引导用户转变观念。
003_000004_000005|先不打扰您了，祝您生活愉快，再见。|prompt_wav/meituan_prompt.wav|那你们今年价格怎么样？我看新闻说保费又降了。|用户语调发生转变，显得更加积极和直接。他聚焦于保费价格，并在提问时引用了新闻报道，语气中透露出对优惠价格的期待和一丝精明。
003_000004_000006|嗯非常抱歉给您带来麻烦了先那这样我这边马上安排骑手给您尽快配送嗯骑手接单情况下我会马上以短信的形式告知给您。|prompt_wav/shenhu_prompt.wav|您关注得很专业。今年的基础费率确实有波动，但具体的保费还是得根据您的出险记录和车型来定。如果您的车辆去年没有出险，今年的折扣力度会非常大。|客服人员以肯定且带有赞赏的语气回应用户，认可其对市场的关注。她随后以专业而清晰的语调，解释了保费构成的复杂性，并在结尾处特意强调了无出险情况下的巨大折扣，旨在激发用户的兴趣。
003_000004_000007|先不打扰您了，祝您生活愉快，再见。|prompt_wav/meituan_prompt.wav|我去年确实没出险，你直接报个价吧。|用户语气变得肯定且果断，明确指出自己无出险记录，随即以一种略带催促的语气，直接要求客服报价，显示出对续保方案的浓厚兴趣和行动意愿。
003_000004_000008|嗯非常抱歉给您带来麻烦了先那这样我这边马上安排骑手给您尽快配送嗯骑手接单情况下我会马上以短信的形式告知给您。|prompt_wav/shenhu_prompt.wav|好的。为了保证报价准确，我想跟您核实一下：您的车平时主要是上下班通勤开，还是跑长途比较多？去年的三者险保的是 200 万还是 300 万？|客服人员以沉稳的语调回应“好的”，随后语速放缓，以一种严谨而专业的语气，解释了核实信息的重要性。她清晰地提出两个关键问题，旨在确保报价的准确性，声音中流露出耐心和细致。
003_000004_000009|先不打扰您了，祝您生活愉快，再见。|prompt_wav/meituan_prompt.wav|就上下班开，三者保的是 200 万的。|用户以简明扼要的语调，迅速而清晰地回答了客服的问题，语气直接且充满事实性，没有过多情绪。
003_000004_000010|嗯非常抱歉给您带来麻烦了先那这样我这边马上安排骑手给您尽快配送嗯骑手接单情况下我会马上以短信的形式告知给您。|prompt_wav/shenhu_prompt.wav|明白。考虑到现在的路况和医疗成本，我建议您今年可以关注一下 300 万的三者险，保费其实只多了几十块钱，但保障额度提升了 100 万，性价比非常高，您看有必要调整吗？|客服人员以清晰的“明白”作为起始，随后以一种专业且富有建议性的语调，结合实际情况向用户推荐升级三者险。她语速平稳，清晰地强调了“几十块钱”的小投入与“非常高”的性价比，结尾处以征询的语气给予用户选择空间。
003_000004_000011|先不打扰您了，祝您生活愉快，再见。|prompt_wav/meituan_prompt.wav|那行，你帮我按 300 万算一下总价，发给我看看。|用户以简短的“那行”表示接受了客服的建议，语气随即变得明确而直接。他提出具体的要求，希望客服按照新的方案计算总价并发送给他，展现出推进流程的意愿。
003_000004_000012|嗯非常抱歉给您带来麻烦了先那这样我这边马上安排骑手给您尽快配送嗯骑手接单情况下我会马上以短信的形式告知给您。|prompt_wav/shenhu_prompt.wav|没问题。除了基础的车损和三者，由于您的车已经开了三年，我建议把医保外用药责任险也加上，这样万一发生理赔，医保不报销的部分咱们保险公司也能覆盖，能极大减轻您的负担。|客服人员以肯定的语气回应“没问题”，随即语气转为主动提出新的增值建议。她以清晰的逻辑，结合车辆使用年限，详细解释了医保外用药责任险的重要性，旨在为用户提供更全面的保障，声音中充满专业性和细致考量。
003_000004_000013|先不打扰您了，祝您生活愉快，再见。|prompt_wav/meituan_prompt.wav|医保外用药？这个以前没听过，贵吗？|用户对新的险种表现出明显的好奇与疑惑，先以一个略带疑问的语调重复了险种名称，随后直接表达了对其不熟悉的感受，并迅速而直接地询问价格，语气中带着审慎。
003_000004_000014|嗯非常抱歉给您带来麻烦了先那这样我这边马上安排骑手给您尽快配送嗯骑手接单情况下我会马上以短信的形式告知给您。|prompt_wav/shenhu_prompt.wav|这个险种非常实用，一年的保费也就几十块钱，属于“小投入大保障”。我现在就把包含这项服务的初版方案通过短信或者微信发给您核对一下，您可以先参考。|客服人员以肯定且充满说服力的语气，强调新险种的实用性和极低成本，用“小投入大保障”精准概括其价值。随后，她语速略微加快，清晰地告知用户将立即发送初步方案供其核对，语气中充满效率和体贴。
003_000004_000015|先不打扰您了，祝您生活愉快，再见。|prompt_wav/meituan_prompt.wav|好的，你先发过来吧，我看过之后给你回复。|用户以平稳而合作的语气表示“好的”，接受了客服的安排。他随后清晰地表达了请客服先行发送方案的意愿，并承诺在查看后会给出回复，显示出积极的跟进态度。
003_000004_000016|嗯非常抱歉给您带来麻烦了先那这样我这边马上安排骑手给您尽快配送嗯骑手接单情况下我会马上以短信的形式告知给您。|prompt_wav/shenhu_prompt.wav|好的，王先生。信息已经给您发出去了，请查收。稍后如果您对险种比例或者支付方式有任何疑问，可以随时回拨这个电话找我。祝您用车愉快，再见。|客服人员以清晰且略带亲切的语气确认信息已发送，并礼貌地提示用户查收。她随后以专业而周到的语调，主动提供了后续疑问的联系方式，并在最后用祝福语和“再见”结束了本次通话，整个过程流畅而有条不紊。
003_000005_000000|嗯非常抱歉给您带来麻烦了先那这样我这边马上安排骑手给您尽快配送嗯骑手接单情况下我会马上以短信的形式告知给您。|prompt_wav/shenhu_prompt.wav|您好，请问是王先生吗？我是您的保险服务顾问，今天致电主要是想对您之前投保的重疾险做一个简单的服务回访，顺便给您同步一个理赔趋势的最新提醒。|一位客服人员以清晰、标准的发音开始对话，语速平稳，语调亲切而职业。她通过简洁明了的开场白，礼貌地表明了致电的目的，为接下来的沟通奠定基础。
003_000005_000001|先不打扰您了，祝您生活愉快，再见。|prompt_wav/meituan_prompt.wav|哦，有什么事吗？我现在正忙着呢。|用户以一种略带被打扰的语气回应，声音可能稍显急促。他通过简短的提问和直接表明自己正忙，表达了希望对话能快速切入重点或尽快结束的意图。
003_000005_000002|嗯非常抱歉给您带来麻烦了先那这样我这边马上安排骑手给您尽快配送嗯骑手接单情况下我会马上以短信的形式告知给您。|prompt_wav/shenhu_prompt.wav|理解您的时间宝贵，我长话短说。系统显示您在三年前配置了30万保额的基础重疾险，这在当时是很合理的。但根据近两年的理赔数据来看，现在的平均大病治疗和康复费用已经大幅上涨了。|客服人员以体谅而专业的口吻回应用户的急切，语速略有调整，但依然保持咬字清晰。她迅速切入核心内容，用数据支撑其观点，语气中带着引导性，试图引发用户的关注和思考。
003_000005_000003|先不打扰您了，祝您生活愉快，再见。|prompt_wav/meituan_prompt.wav|30万还不够吗？我觉得已经不少了。|用户带着明显的疑问和一丝不解，音高略微抬升，质疑客服的说法。他通过直接表达自己的看法，流露出对现有保额充足性的坚信和对潜在建议的初步抵触。
003_000005_000004|嗯非常抱歉给您带来麻烦了先那这样我这边马上安排骑手给您尽快配送嗯骑手接单情况下我会马上以短信的形式告知给您。|prompt_wav/shenhu_prompt.wav|确实，30万能解决基础的住院手术费。但重疾险的作用除了治病，更关键的是补偿您生病期间3到5年的收入损失。考虑到现在的物价和生活成本，原来的保额在应对长期康复和家庭开支时，可能会显得有些吃力。|客服人员以一种循循善诱的语气，首先肯定了用户的部分观点，随后语速适中、逻辑清晰地拓宽了用户对重疾险作用的理解。她的声音柔和而坚定，通过详细阐述长期康复的财务压力，引导用户认识到现有保额的潜在不足。
003_000005_000005|先不打扰您了，祝您生活愉快，再见。|prompt_wav/meituan_prompt.wav|你们是不是又想让我加钱买保险啊？|用户带着明显的戒备和一丝不耐烦，语气直接且略显尖锐。他通过带有质疑的反问，表达了对客服推销意图的警惕和抵触情绪。
003_000005_000006|嗯非常抱歉给您带来麻烦了先那这样我这边马上安排骑手给您尽快配送嗯骑手接单情况下我会马上以短信的形式告知给您。|prompt_wav/shenhu_prompt.wav|并不是盲目建议您增加支出，而是基于风险对冲的专业建议。目前的医疗通胀率每年都在增长，如果您现在的保障额度停留在几年前，一旦发生风险，原本的“救命钱”可能会缩水，建议您考虑把缺口补齐。|客服人员以一种冷静而专业的语气，直接而坚定地驳斥了用户的质疑。她通过引入“医疗通胀”等专业概念，并用“救命钱”可能会缩水这样生动的比喻，强调了风险的紧迫性，语气中带着一丝严肃的提醒。
003_000005_000007|先不打扰您了，祝您生活愉快，再见。|prompt_wav/meituan_prompt.wav|那现在补保额是不是比以前贵很多？我年龄也大了。|用户语气稍缓，从之前的抵触转变为务实的考量，语调中带着对成本增加的担忧。他提及自身年龄，间接表达了对保费可能上涨的顾虑，显示出对加保方案已开始产生兴趣但仍持谨慎态度。
003_000005_000008|嗯非常抱歉给您带来麻烦了先那这样我这边马上安排骑手给您尽快配送嗯骑手接单情况下我会马上以短信的形式告知给您。|prompt_wav/shenhu_prompt.wav|价格确实会随年龄增长微调，但我们目前针对老客户有一个“保额加倍”的专属方案。不需要您重新走复杂的流程，用极低的边际成本就能把保额提升到50万甚至更高，性价比是非常高的。|客服人员以积极而充满信心的语气，承认了年龄因素对价格的影响，但随即语速加快，清晰有力地介绍了针对老客户的专属优惠。她强调了方案的便捷性和极高的性价比，旨在打消用户的顾虑并激起其兴趣，声音中透露出专业的说服力。
003_000005_000009|先不打扰您了，祝您生活愉快，再见。|prompt_wav/meituan_prompt.wav|我得看看具体合同，这种加保的条款和以前一样吗？|用户语气变得更为认真和审慎，表达了查看具体合同的意愿。他通过询问加保条款与原有合同是否一致，展现出对细节的关注和进一步了解方案的兴趣。
003_000005_000010|嗯非常抱歉给您带来麻烦了先那这样我这边马上安排骑手给您尽快配送嗯骑手接单情况下我会马上以短信的形式告知给您。|prompt_wav/shenhu_prompt.wav|条款是延续您原有的优质权益的，而且现在的保障范围比三年前更全面。您可以理解为给您的家庭保障做一次系统升级，确保它在现在的医疗环境下依然具备足够的防御力。|客服人员以肯定且富有感染力的语气，清晰地回答了用户的疑问，并进一步强调了新方案的优势。她将加保类比为“系统升级”，旨在用更宏大的愿景打动用户，声音中充满了专业和自信。
003_000005_000011|先不打扰您了，祝您生活愉快，再见。|prompt_wav/meituan_prompt.wav|那你先发个方案给我看看吧，我对比一下。|用户语气趋于平稳，最终明确提出了获取详细方案的要求。他表示将进行对比，显示出对该建议的接受度已大幅提高，准备进入实际考虑阶段。
003_000005_000012|嗯非常抱歉给您带来麻烦了先那这样我这边马上安排骑手给您尽快配送嗯骑手接单情况下我会马上以短信的形式告知给您。|prompt_wav/shenhu_prompt.wav|没问题，我会把详细的对比表发到您的微信上。您可以重点看一下“保额增加”后对应的保费变化，其实每天也就多出一杯咖啡的钱，但买到的是更长久的安心。|客服人员以一种愉悦而积极的语气回应，迅速承诺发送方案，并清晰地指引用户关注核心信息。她巧妙地将增加的保费与“一杯咖啡的钱”类比，用亲切而富有画面感的方式，强调了购买长久安心的价值。
003_000005_000013|先不打扰您了，祝您生活愉快，再见。|prompt_wav/meituan_prompt.wav|行，那你发过来吧，我有空看一眼。|用户以一种较为轻松且带有些许随意的语气表示同意，尽管提及了查看时间的不确定性，但其接受方案的意愿已十分明确。
003_000005_000014|嗯非常抱歉给您带来麻烦了先那这样我这边马上安排骑手给您尽快配送嗯骑手接单情况下我会马上以短信的形式告知给您。|prompt_wav/shenhu_prompt.wav|好的，稍后我会通过官方服务号为您推送。建议您重点关注一下方案里的康复津贴部分。如果您看完有任何不清楚的地方，可以随时回拨这个电话找我，祝您生活愉快。|客服人员以清晰礼貌的声音做最终确认，语速平稳，再次引导用户关注方案中的重要细节。她主动提供了后续的咨询渠道，并以一句温馨的祝福结束了通话，展现了周到而专业的服务态度。
